#
# There is insufficient memory for the Java Runtime Environment to continue.
# Native memory allocation (malloc) failed to allocate 597136 bytes for Chunk::new
# Possible reasons:
#   The system is out of physical RAM or swap space
#   The process is running with CompressedOops enabled, and the Java Heap may be blocking the growth of the native heap
# Possible solutions:
#   Reduce memory load on the system
#   Increase physical memory or swap space
#   Check if swap backing store is full
#   Decrease Java heap size (-Xmx/-Xms)
#   Decrease number of Java threads
#   Decrease Java thread stack sizes (-Xss)
#   Set larger code cache with -XX:ReservedCodeCacheSize=
#   JVM is running with Unscaled Compressed Oops mode in which the Java heap is
#     placed in the first 4GB address space. The Java Heap base address is the
#     maximum limit for the native heap growth. Please use -XX:HeapBaseMinAddress
#     to set the Java Heap base and to place the Java Heap above 4GB virtual address.
# This output file may be truncated or incomplete.
#
#  Out of Memory Error (allocation.cpp:389), pid=18860, tid=0x0000000000003be0
#
# JRE version: OpenJDK Runtime Environment (8.0_242-b01) (build 1.8.0_242-release-1644-b01)
# Java VM: OpenJDK 64-Bit Server VM (25.242-b01 mixed mode windows-amd64 compressed oops)
# Failed to write core dump. Minidumps are not enabled by default on client versions of Windows
#

---------------  T H R E A D  ---------------

Current thread (0x00000000154cb800):  JavaThread "C2 CompilerThread1" daemon [_thread_in_native, id=15328, stack(0x0000000017ca0000,0x0000000017da0000)]

Stack: [0x0000000017ca0000,0x0000000017da0000]
[error occurred during error reporting (printing stack bounds), id 0xc0000005]

Native frames: (J=compiled Java code, j=interpreted, Vv=VM code, C=native code)


Current CompileTask:
C2:   8822 4409   !   4       sun.misc.Resource::getBytes (242 bytes)


---------------  P R O C E S S  ---------------

Java Threads: ( => current thread )
  0x00000000193bd800 JavaThread "Cache worker for Build Output Cleanup Cache (C:\Users\ali12\AndroidStudioProjects\Doctor\.gradle\buildOutputCleanup)" [_thread_blocked, id=14604, stack(0x00000000273f0000,0x00000000274f0000)]
  0x000000001ce3b000 JavaThread "jar transforms Thread 94" [_thread_blocked, id=7492, stack(0x00000000270f0000,0x00000000271f0000)]
  0x000000001ce39800 JavaThread "jar transforms Thread 93" [_thread_blocked, id=12168, stack(0x0000000026ff0000,0x00000000270f0000)]
  0x000000001ce38000 JavaThread "jar transforms Thread 92" [_thread_blocked, id=11528, stack(0x0000000026ef0000,0x0000000026ff0000)]
  0x000000001ce38800 JavaThread "jar transforms Thread 91" [_thread_blocked, id=21232, stack(0x0000000026df0000,0x0000000026ef0000)]
  0x000000001ce37000 JavaThread "jar transforms Thread 90" [_thread_blocked, id=21336, stack(0x0000000026cf0000,0x0000000026df0000)]
  0x000000001ce3a000 JavaThread "jar transforms Thread 89" [_thread_blocked, id=3880, stack(0x0000000026bf0000,0x0000000026cf0000)]
  0x000000001ce36800 JavaThread "jar transforms Thread 88" [_thread_blocked, id=12964, stack(0x0000000026af0000,0x0000000026bf0000)]
  0x000000001ce35800 JavaThread "jar transforms Thread 87" [_thread_blocked, id=8000, stack(0x00000000269f0000,0x0000000026af0000)]
  0x000000001ce3b800 JavaThread "jar transforms Thread 86" [_thread_blocked, id=13660, stack(0x00000000268f0000,0x00000000269f0000)]
  0x000000001ce2e000 JavaThread "jar transforms Thread 85" [_thread_blocked, id=19324, stack(0x00000000267f0000,0x00000000268f0000)]
  0x000000001ce32000 JavaThread "jar transforms Thread 84" [_thread_blocked, id=19192, stack(0x00000000266f0000,0x00000000267f0000)]
  0x000000001ce32800 JavaThread "jar transforms Thread 83" [_thread_blocked, id=20128, stack(0x00000000265f0000,0x00000000266f0000)]
  0x000000001ce35000 JavaThread "jar transforms Thread 82" [_thread_blocked, id=8724, stack(0x00000000264f0000,0x00000000265f0000)]
  0x000000001ce2f000 JavaThread "jar transforms Thread 81" [_thread_blocked, id=20232, stack(0x00000000263f0000,0x00000000264f0000)]
  0x000000001ce30800 JavaThread "jar transforms Thread 80" [_thread_blocked, id=16536, stack(0x00000000262f0000,0x00000000263f0000)]
  0x000000001ce34000 JavaThread "jar transforms Thread 79" [_thread_blocked, id=15256, stack(0x00000000261f0000,0x00000000262f0000)]
  0x000000001ce2d800 JavaThread "jar transforms Thread 78" [_thread_blocked, id=2996, stack(0x00000000260f0000,0x00000000261f0000)]
  0x000000001ce2c800 JavaThread "jar transforms Thread 77" [_thread_blocked, id=20608, stack(0x0000000025ff0000,0x00000000260f0000)]
  0x000000001ce2f800 JavaThread "jar transforms Thread 76" [_thread_blocked, id=17260, stack(0x0000000025ef0000,0x0000000025ff0000)]
  0x000000001ce31000 JavaThread "jar transforms Thread 75" [_thread_blocked, id=20548, stack(0x0000000025df0000,0x0000000025ef0000)]
  0x000000001ce33800 JavaThread "jar transforms Thread 74" [_thread_blocked, id=20264, stack(0x0000000025cf0000,0x0000000025df0000)]
  0x00000000181ce800 JavaThread "jar transforms Thread 73" [_thread_blocked, id=18664, stack(0x0000000025bf0000,0x0000000025cf0000)]
  0x00000000181ce000 JavaThread "jar transforms Thread 72" [_thread_blocked, id=8948, stack(0x0000000025af0000,0x0000000025bf0000)]
  0x00000000181cd000 JavaThread "jar transforms Thread 71" [_thread_blocked, id=16156, stack(0x00000000259f0000,0x0000000025af0000)]
  0x00000000181cf800 JavaThread "jar transforms Thread 70" [_thread_blocked, id=15808, stack(0x00000000258f0000,0x00000000259f0000)]
  0x00000000181cb000 JavaThread "jar transforms Thread 69" [_thread_blocked, id=20912, stack(0x00000000257f0000,0x00000000258f0000)]
  0x00000000181cb800 JavaThread "jar transforms Thread 68" [_thread_blocked, id=21452, stack(0x00000000256f0000,0x00000000257f0000)]
  0x00000000181cc800 JavaThread "jar transforms Thread 67" [_thread_blocked, id=5864, stack(0x00000000255f0000,0x00000000256f0000)]
  0x00000000181c5000 JavaThread "jar transforms Thread 66" [_thread_blocked, id=20600, stack(0x00000000254f0000,0x00000000255f0000)]
  0x00000000181ca000 JavaThread "jar transforms Thread 65" [_thread_blocked, id=8004, stack(0x00000000253f0000,0x00000000254f0000)]
  0x00000000181c9800 JavaThread "jar transforms Thread 64" [_thread_blocked, id=19732, stack(0x00000000252f0000,0x00000000253f0000)]
  0x00000000181c8800 JavaThread "jar transforms Thread 63" [_thread_blocked, id=3100, stack(0x00000000251f0000,0x00000000252f0000)]
  0x00000000181c8000 JavaThread "jar transforms Thread 62" [_thread_blocked, id=16928, stack(0x00000000250f0000,0x00000000251f0000)]
  0x00000000181c2800 JavaThread "jar transforms Thread 61" [_thread_blocked, id=9552, stack(0x0000000024ff0000,0x00000000250f0000)]
  0x00000000181c2000 JavaThread "jar transforms Thread 60" [_thread_blocked, id=21072, stack(0x0000000024ef0000,0x0000000024ff0000)]
  0x00000000181c3800 JavaThread "jar transforms Thread 59" [_thread_blocked, id=20676, stack(0x0000000024df0000,0x0000000024ef0000)]
  0x00000000181c7000 JavaThread "jar transforms Thread 58" [_thread_blocked, id=19544, stack(0x0000000024cf0000,0x0000000024df0000)]
  0x00000000181c0800 JavaThread "jar transforms Thread 57" [_thread_blocked, id=5436, stack(0x0000000024bf0000,0x0000000024cf0000)]
  0x00000000181c4000 JavaThread "jar transforms Thread 56" [_thread_blocked, id=18812, stack(0x0000000024af0000,0x0000000024bf0000)]
  0x00000000181c6800 JavaThread "jar transforms Thread 55" [_thread_blocked, id=20724, stack(0x00000000249f0000,0x0000000024af0000)]
  0x00000000181c1000 JavaThread "jar transforms Thread 54" [_thread_blocked, id=18836, stack(0x00000000248f0000,0x00000000249f0000)]
  0x00000000181c5800 JavaThread "jar transforms Thread 53" [_thread_blocked, id=21292, stack(0x00000000247f0000,0x00000000248f0000)]
  0x000000001901d800 JavaThread "jar transforms Thread 52" [_thread_blocked, id=21404, stack(0x00000000246f0000,0x00000000247f0000)]
  0x000000001901c800 JavaThread "jar transforms Thread 51" [_thread_blocked, id=9420, stack(0x00000000245f0000,0x00000000246f0000)]
  0x000000001901c000 JavaThread "jar transforms Thread 50" [_thread_blocked, id=21400, stack(0x00000000244f0000,0x00000000245f0000)]
  0x000000001901b000 JavaThread "jar transforms Thread 49" [_thread_blocked, id=20064, stack(0x00000000243f0000,0x00000000244f0000)]
  0x000000001901a800 JavaThread "jar transforms Thread 48" [_thread_blocked, id=20420, stack(0x00000000242f0000,0x00000000243f0000)]
  0x0000000019019800 JavaThread "jar transforms Thread 47" [_thread_blocked, id=19128, stack(0x00000000241f0000,0x00000000242f0000)]
  0x0000000019013000 JavaThread "jar transforms Thread 46" [_thread_blocked, id=20424, stack(0x00000000240f0000,0x00000000241f0000)]
  0x0000000019017800 JavaThread "jar transforms Thread 45" [_thread_blocked, id=21284, stack(0x0000000023ff0000,0x00000000240f0000)]
  0x0000000019012000 JavaThread "jar transforms Thread 44" [_thread_blocked, id=17312, stack(0x0000000023ef0000,0x0000000023ff0000)]
  0x0000000019019000 JavaThread "jar transforms Thread 43" [_thread_blocked, id=8544, stack(0x0000000023df0000,0x0000000023ef0000)]
  0x0000000019016800 JavaThread "jar transforms Thread 42" [_thread_blocked, id=11436, stack(0x0000000023cf0000,0x0000000023df0000)]
  0x0000000019011800 JavaThread "jar transforms Thread 41" [_thread_blocked, id=19332, stack(0x0000000023bf0000,0x0000000023cf0000)]
  0x0000000019016000 JavaThread "jar transforms Thread 40" [_thread_blocked, id=21004, stack(0x0000000023af0000,0x0000000023bf0000)]
  0x0000000019018000 JavaThread "jar transforms Thread 39" [_thread_blocked, id=15636, stack(0x00000000239f0000,0x0000000023af0000)]
  0x0000000019013800 JavaThread "jar transforms Thread 38" [_thread_blocked, id=13948, stack(0x00000000238f0000,0x00000000239f0000)]
  0x000000001900e800 JavaThread "jar transforms Thread 37" [_thread_blocked, id=19856, stack(0x00000000237f0000,0x00000000238f0000)]
  0x0000000019010800 JavaThread "jar transforms Thread 36" [_thread_blocked, id=16152, stack(0x00000000236f0000,0x00000000237f0000)]
  0x0000000019015000 JavaThread "jar transforms Thread 35" [_thread_blocked, id=16956, stack(0x00000000235f0000,0x00000000236f0000)]
  0x000000001900f000 JavaThread "jar transforms Thread 34" [_thread_blocked, id=21248, stack(0x00000000234f0000,0x00000000235f0000)]
  0x0000000019010000 JavaThread "jar transforms Thread 33" [_thread_blocked, id=19108, stack(0x00000000233f0000,0x00000000234f0000)]
  0x0000000019014800 JavaThread "jar transforms Thread 32" [_thread_blocked, id=10116, stack(0x00000000232f0000,0x00000000233f0000)]
  0x000000001c54d800 JavaThread "jar transforms Thread 31" [_thread_blocked, id=18096, stack(0x00000000231f0000,0x00000000232f0000)]
  0x000000001c550000 JavaThread "jar transforms Thread 30" [_thread_blocked, id=20156, stack(0x00000000230f0000,0x00000000231f0000)]
  0x000000001c54f000 JavaThread "jar transforms Thread 29" [_thread_blocked, id=3884, stack(0x0000000022ff0000,0x00000000230f0000)]
  0x000000001c550800 JavaThread "jar transforms Thread 28" [_thread_blocked, id=20448, stack(0x0000000022ef0000,0x0000000022ff0000)]
  0x000000001c54e800 JavaThread "jar transforms Thread 27" [_thread_blocked, id=19860, stack(0x0000000022df0000,0x0000000022ef0000)]
  0x000000001c54d000 JavaThread "jar transforms Thread 26" [_thread_blocked, id=18712, stack(0x0000000022cf0000,0x0000000022df0000)]
  0x000000001c551800 JavaThread "jar transforms Thread 25" [_thread_blocked, id=1524, stack(0x0000000022bf0000,0x0000000022cf0000)]
  0x000000001c54c000 JavaThread "jar transforms Thread 24" [_thread_blocked, id=19912, stack(0x00000000216d0000,0x00000000217d0000)]
  0x000000001c544800 JavaThread "jar transforms Thread 23" [_thread_blocked, id=17288, stack(0x00000000215d0000,0x00000000216d0000)]
  0x000000001c54b800 JavaThread "jar transforms Thread 22" [_thread_blocked, id=20028, stack(0x00000000214d0000,0x00000000215d0000)]
  0x000000001c544000 JavaThread "jar transforms Thread 21" [_thread_blocked, id=13484, stack(0x0000000022af0000,0x0000000022bf0000)]
  0x000000001c54a800 JavaThread "jar transforms Thread 20" [_thread_blocked, id=17264, stack(0x00000000229f0000,0x0000000022af0000)]
  0x000000001c543000 JavaThread "jar transforms Thread 19" [_thread_blocked, id=16300, stack(0x00000000228f0000,0x00000000229f0000)]
  0x000000001c546000 JavaThread "jar transforms Thread 18" [_thread_blocked, id=21492, stack(0x00000000227f0000,0x00000000228f0000)]
  0x000000001c547800 JavaThread "jar transforms Thread 17" [_thread_blocked, id=21048, stack(0x00000000226f0000,0x00000000227f0000)]
  0x000000001c54a000 JavaThread "jar transforms Thread 16" [_thread_blocked, id=21296, stack(0x00000000225f0000,0x00000000226f0000)]
  0x000000001c542800 JavaThread "jar transforms Thread 15" [_thread_blocked, id=18704, stack(0x00000000224f0000,0x00000000225f0000)]
  0x000000001c547000 JavaThread "jar transforms Thread 14" [_thread_blocked, id=1108, stack(0x00000000223f0000,0x00000000224f0000)]
  0x000000001c549000 JavaThread "jar transforms Thread 13" [_thread_blocked, id=20692, stack(0x00000000222f0000,0x00000000223f0000)]
  0x000000001c548800 JavaThread "jar transforms Thread 12" [_thread_blocked, id=18576, stack(0x00000000221f0000,0x00000000222f0000)]
  0x000000001c545800 JavaThread "jar transforms Thread 11" [_thread_blocked, id=7072, stack(0x00000000220f0000,0x00000000221f0000)]
  0x000000001a095000 JavaThread "jar transforms Thread 10" [_thread_blocked, id=17364, stack(0x0000000021ff0000,0x00000000220f0000)]
  0x000000001a093800 JavaThread "jar transforms Thread 9" [_thread_blocked, id=1344, stack(0x0000000021ef0000,0x0000000021ff0000)]
  0x000000001a094000 JavaThread "jar transforms Thread 8" [_thread_blocked, id=20508, stack(0x0000000021df0000,0x0000000021ef0000)]
  0x000000001a092800 JavaThread "jar transforms Thread 7" [_thread_blocked, id=15164, stack(0x0000000021cf0000,0x0000000021df0000)]
  0x000000001a092000 JavaThread "jar transforms Thread 6" [_thread_blocked, id=18928, stack(0x0000000021bf0000,0x0000000021cf0000)]
  0x000000001a08f800 JavaThread "jar transforms Thread 5" [_thread_blocked, id=21088, stack(0x0000000021af0000,0x0000000021bf0000)]
  0x000000001a096800 JavaThread "jar transforms Thread 4" [_thread_blocked, id=16492, stack(0x00000000219f0000,0x0000000021af0000)]
  0x000000001a095800 JavaThread "jar transforms Thread 3" [_thread_blocked, id=18904, stack(0x00000000218f0000,0x00000000219f0000)]
  0x000000001a08a800 JavaThread "jar transforms Thread 2" [_thread_blocked, id=16224, stack(0x00000000217f0000,0x00000000218f0000)]
  0x000000001a091000 JavaThread "Build operations Thread 8" [_thread_blocked, id=18648, stack(0x00000000212d0000,0x00000000213d0000)]
  0x000000001a08f000 JavaThread "Build operations Thread 7" [_thread_blocked, id=19696, stack(0x00000000211d0000,0x00000000212d0000)]
  0x000000001a090800 JavaThread "Build operations Thread 6" [_thread_blocked, id=21076, stack(0x00000000210d0000,0x00000000211d0000)]
  0x000000001a08c800 JavaThread "Build operations Thread 5" [_thread_blocked, id=20504, stack(0x0000000020fd0000,0x00000000210d0000)]
  0x000000001a08b000 JavaThread "Build operations Thread 4" [_thread_blocked, id=11108, stack(0x0000000020ed0000,0x0000000020fd0000)]
  0x000000001a087800 JavaThread "Build operations Thread 3" [_thread_blocked, id=17304, stack(0x0000000020dd0000,0x0000000020ed0000)]
  0x000000001a08c000 JavaThread "Build operations Thread 2" [_thread_blocked, id=19804, stack(0x0000000020cd0000,0x0000000020dd0000)]
  0x000000001a08e000 JavaThread "Build operations" [_thread_blocked, id=16844, stack(0x0000000020bd0000,0x0000000020cd0000)]
  0x000000001a088000 JavaThread "Cache worker for file content cache (C:\Users\ali12\.gradle\caches\6.5\fileContent)" [_thread_blocked, id=17356, stack(0x00000000204d0000,0x00000000205d0000)]
  0x000000001a108800 JavaThread "jar transforms" [_thread_blocked, id=21480, stack(0x00000000203d0000,0x00000000204d0000)]
  0x000000001a105800 JavaThread "Cache worker for execution history cache (C:\Users\ali12\.gradle\caches\6.5\executionHistory)" [_thread_blocked, id=16836, stack(0x000000001fcd0000,0x000000001fdd0000)]
  0x000000001a10a000 JavaThread "Cache worker for cache directory md-rule (C:\Users\ali12\.gradle\caches\6.5\md-rule)" [_thread_blocked, id=3516, stack(0x000000001fbd0000,0x000000001fcd0000)]
  0x000000001a10c000 JavaThread "Cache worker for cache directory md-supplier (C:\Users\ali12\.gradle\caches\6.5\md-supplier)" [_thread_blocked, id=5348, stack(0x000000001e760000,0x000000001e860000)]
  0x000000001a107800 JavaThread "Cache worker for checksums cache (C:\Users\ali12\AndroidStudioProjects\Doctor\.gradle\checksums)" [_thread_blocked, id=20536, stack(0x000000001e660000,0x000000001e760000)]
  0x000000001a107000 JavaThread "Cache worker for file hash cache (C:\Users\ali12\AndroidStudioProjects\Doctor\.gradle\6.5\fileHashes)" [_thread_blocked, id=13764, stack(0x000000001fad0000,0x000000001fbd0000)]
  0x000000001a10b800 JavaThread "Cache worker for file hash cache (C:\Users\ali12\.gradle\caches\6.5\fileHashes)" [_thread_blocked, id=21440, stack(0x000000001c1c0000,0x000000001c2c0000)]
  0x000000001a106000 JavaThread "File lock request listener" [_thread_in_native, id=16904, stack(0x000000001c0c0000,0x000000001c1c0000)]
  0x000000001a109000 JavaThread "Cache worker for journal cache (C:\Users\ali12\.gradle\caches\journal-1)" [_thread_blocked, id=19808, stack(0x000000001bfc0000,0x000000001c0c0000)]
  0x000000001a044800 JavaThread "Thread-9" [_thread_blocked, id=21464, stack(0x000000001bcc0000,0x000000001bdc0000)]
  0x0000000019da4000 JavaThread "Stdin handler" [_thread_blocked, id=2984, stack(0x000000001bbc0000,0x000000001bcc0000)]
  0x0000000019da2000 JavaThread "Asynchronous log dispatcher for DefaultDaemonConnection: socket connection from /127.0.0.1:51160 to /127.0.0.1:51161" [_thread_blocked, id=15820, stack(0x000000001bac0000,0x000000001bbc0000)]
  0x0000000018500000 JavaThread "Daemon worker" [_thread_in_vm, id=20836, stack(0x000000001b9c0000,0x000000001bac0000)]
  0x000000001855c000 JavaThread "Cancel handler" [_thread_blocked, id=20396, stack(0x000000001b8c0000,0x000000001b9c0000)]
  0x0000000019d33800 JavaThread "Handler for socket connection from /127.0.0.1:51160 to /127.0.0.1:51161" [_thread_in_native, id=13432, stack(0x000000001b7c0000,0x000000001b8c0000)]
  0x0000000019d32000 JavaThread "Daemon" [_thread_blocked, id=5720, stack(0x000000001b4c0000,0x000000001b5c0000)]
  0x0000000019d12000 JavaThread "Daemon periodic checks" [_thread_blocked, id=20704, stack(0x000000001b3c0000,0x000000001b4c0000)]
  0x0000000019d0f800 JavaThread "Incoming local TCP Connector on port 51160" [_thread_in_native, id=20988, stack(0x000000001b180000,0x000000001b280000)]
  0x000000001996d800 JavaThread "Daemon health stats" [_thread_blocked, id=8536, stack(0x000000001ab40000,0x000000001ac40000)]
  0x000000001737b000 JavaThread "Service Thread" daemon [_thread_blocked, id=19628, stack(0x0000000017fa0000,0x00000000180a0000)]
  0x00000000172e6000 JavaThread "C1 CompilerThread3" daemon [_thread_in_native, id=18792, stack(0x0000000017ea0000,0x0000000017fa0000)]
  0x00000000172d7000 JavaThread "C2 CompilerThread2" daemon [_thread_blocked, id=16136, stack(0x0000000017da0000,0x0000000017ea0000)]
=>0x00000000154cb800 JavaThread "C2 CompilerThread1" daemon [_thread_in_native, id=15328, stack(0x0000000017ca0000,0x0000000017da0000)]
  0x00000000172d3000 JavaThread "C2 CompilerThread0" daemon [_thread_in_native, id=19964, stack(0x0000000017ba0000,0x0000000017ca0000)]
  0x00000000172d1000 JavaThread "Attach Listener" daemon [_thread_blocked, id=1780, stack(0x0000000017aa0000,0x0000000017ba0000)]
  0x00000000172d0000 JavaThread "Signal Dispatcher" daemon [_thread_blocked, id=18552, stack(0x00000000179a0000,0x0000000017aa0000)]
  0x00000000172c1800 JavaThread "Finalizer" daemon [_thread_blocked, id=19748, stack(0x00000000177a0000,0x00000000178a0000)]
  0x00000000172c0800 JavaThread "Reference Handler" daemon [_thread_blocked, id=17556, stack(0x00000000176a0000,0x00000000177a0000)]
  0x000000000278e000 JavaThread "main" [_thread_blocked, id=17256, stack(0x0000000002790000,0x0000000002890000)]

Other Threads:
  0x00000000154b8000 VMThread [stack: 0x00000000171a0000,0x00000000172a0000] [id=20320]
  0x000000001737b800 WatcherThread [stack: 0x00000000180a0000,0x00000000181a0000] [id=19476]

VM state:not at safepoint (normal execution)

VM Mutex/Monitor currently owned by a thread: None

heap address: 0x00000000c0000000, size: 1024 MB, Compressed Oops mode: 32-bit
Narrow klass base: 0x0000000000000000, Narrow klass shift: 3
Compressed class space size: 1073741824 Address: 0x0000000100000000

Heap:
 PSYoungGen      total 134144K, used 107653K [0x00000000eab00000, 0x00000000f3b80000, 0x0000000100000000)
  eden space 121856K, 79% used [0x00000000eab00000,0x00000000f09fa930,0x00000000f2200000)
  from space 12288K, 84% used [0x00000000f2f80000,0x00000000f39a6d08,0x00000000f3b80000)
  to   space 10752K, 0% used [0x00000000f2200000,0x00000000f2200000,0x00000000f2c80000)
 ParOldGen       total 93696K, used 17381K [0x00000000c0000000, 0x00000000c5b80000, 0x00000000eab00000)
  object space 93696K, 18% used [0x00000000c0000000,0x00000000c10f94e8,0x00000000c5b80000)
 Metaspace       used 48667K, capacity 50584K, committed 50728K, reserved 1093632K
  class space    used 6534K, capacity 6932K, committed 6960K, reserved 1048576K

Card table byte_map: [0x0000000011d60000,0x0000000011f70000] byte_map_base: 0x0000000011760000

Marking Bits: (ParMarkBitMap*) 0x0000000051f0f030
 Begin Bits: [0x00000000128d0000, 0x00000000138d0000)
 End Bits:   [0x00000000138d0000, 0x00000000148d0000)

Polling page: 0x0000000000f30000

CodeCache: size=245760Kb used=13638Kb max_used=13638Kb free=232121Kb
 bounds [0x00000000029a0000, 0x0000000003700000, 0x00000000119a0000]
 total_blobs=4809 nmethods=4057 adapters=664
 compilation: enabled

Compilation events (10 events):
Event: 8.769 Thread 0x00000000172e6000 nmethod 4477 0x00000000036efed0 code [0x00000000036f0040, 0x00000000036f0228]
Event: 8.770 Thread 0x00000000172e6000 4478       3       com.android.tools.build.jetifier.core.type.JavaType::hasInnerType (16 bytes)
Event: 8.770 Thread 0x00000000172d3000 nmethod 4474 0x00000000036ee710 code [0x00000000036ee840, 0x00000000036ee8f8]
Event: 8.770 Thread 0x00000000172e6000 nmethod 4478 0x00000000036ef6d0 code [0x00000000036ef880, 0x00000000036efc98]
Event: 8.770 Thread 0x00000000172d3000 4479       4       kotlin.text.StringsKt__StringsKt::indexOf (51 bytes)
Event: 8.773 Thread 0x00000000172d3000 nmethod 4479 0x00000000036ef190 code [0x00000000036ef2e0, 0x00000000036ef4d8]
Event: 8.776 Thread 0x00000000172e6000 4480       1       com.android.tools.build.jetifier.core.pom.PomRewriteRule::getFrom (5 bytes)
Event: 8.776 Thread 0x00000000172e6000 nmethod 4480 0x00000000036ee3d0 code [0x00000000036ee520, 0x00000000036ee630]
Event: 8.784 Thread 0x00000000172d3000 4481       4       kotlin.jvm.internal.Intrinsics::checkExpressionValueIsNotNull (38 bytes)
Event: 8.785 Thread 0x00000000172d3000 nmethod 4481 0x00000000036da2d0 code [0x00000000036da400, 0x00000000036da458]

GC Heap History (10 events):
Event: 3.837 GC heap before
{Heap before GC invocations=8 (full 1):
 PSYoungGen      total 73216K, used 4785K [0x00000000eab00000, 0x00000000f3900000, 0x0000000100000000)
  eden space 62464K, 0% used [0x00000000eab00000,0x00000000eab00000,0x00000000ee800000)
  from space 10752K, 44% used [0x00000000ee800000,0x00000000eecac448,0x00000000ef280000)
  to   space 10240K, 0% used [0x00000000f2f00000,0x00000000f2f00000,0x00000000f3900000)
 ParOldGen       total 84992K, used 7858K [0x00000000c0000000, 0x00000000c5300000, 0x00000000eab00000)
  object space 84992K, 9% used [0x00000000c0000000,0x00000000c07ac840,0x00000000c5300000)
 Metaspace       used 20585K, capacity 21212K, committed 21296K, reserved 1067008K
  class space    used 2873K, capacity 3076K, committed 3120K, reserved 1048576K
Event: 3.899 GC heap after
Heap after GC invocations=8 (full 1):
 PSYoungGen      total 73216K, used 0K [0x00000000eab00000, 0x00000000f3900000, 0x0000000100000000)
  eden space 62464K, 0% used [0x00000000eab00000,0x00000000eab00000,0x00000000ee800000)
  from space 10752K, 0% used [0x00000000ee800000,0x00000000ee800000,0x00000000ef280000)
  to   space 10240K, 0% used [0x00000000f2f00000,0x00000000f2f00000,0x00000000f3900000)
 ParOldGen       total 57344K, used 7172K [0x00000000c0000000, 0x00000000c3800000, 0x00000000eab00000)
  object space 57344K, 12% used [0x00000000c0000000,0x00000000c07013b0,0x00000000c3800000)
 Metaspace       used 20585K, capacity 21212K, committed 21296K, reserved 1067008K
  class space    used 2873K, capacity 3076K, committed 3120K, reserved 1048576K
}
Event: 4.809 GC heap before
{Heap before GC invocations=9 (full 1):
 PSYoungGen      total 73216K, used 62464K [0x00000000eab00000, 0x00000000f3900000, 0x0000000100000000)
  eden space 62464K, 100% used [0x00000000eab00000,0x00000000ee800000,0x00000000ee800000)
  from space 10752K, 0% used [0x00000000ee800000,0x00000000ee800000,0x00000000ef280000)
  to   space 10240K, 0% used [0x00000000f2f00000,0x00000000f2f00000,0x00000000f3900000)
 ParOldGen       total 57344K, used 7173K [0x00000000c0000000, 0x00000000c3800000, 0x00000000eab00000)
  object space 57344K, 12% used [0x00000000c0000000,0x00000000c0701490,0x00000000c3800000)
 Metaspace       used 28476K, capacity 29298K, committed 29616K, reserved 1075200K
  class space    used 3942K, capacity 4187K, committed 4272K, reserved 1048576K
Event: 4.820 GC heap after
Heap after GC invocations=9 (full 1):
 PSYoungGen      total 103424K, used 8134K [0x00000000eab00000, 0x00000000f3700000, 0x0000000100000000)
  eden space 95232K, 0% used [0x00000000eab00000,0x00000000eab00000,0x00000000f0800000)
  from space 8192K, 99% used [0x00000000f2f00000,0x00000000f36f1830,0x00000000f3700000)
  to   space 10752K, 0% used [0x00000000f2200000,0x00000000f2200000,0x00000000f2c80000)
 ParOldGen       total 57344K, used 7181K [0x00000000c0000000, 0x00000000c3800000, 0x00000000eab00000)
  object space 57344K, 12% used [0x00000000c0000000,0x00000000c0703490,0x00000000c3800000)
 Metaspace       used 28476K, capacity 29298K, committed 29616K, reserved 1075200K
  class space    used 3942K, capacity 4187K, committed 4272K, reserved 1048576K
}
Event: 6.275 GC heap before
{Heap before GC invocations=10 (full 1):
 PSYoungGen      total 103424K, used 102434K [0x00000000eab00000, 0x00000000f3700000, 0x0000000100000000)
  eden space 95232K, 99% used [0x00000000eab00000,0x00000000f07172e0,0x00000000f0800000)
  from space 8192K, 99% used [0x00000000f2f00000,0x00000000f36f1830,0x00000000f3700000)
  to   space 10752K, 0% used [0x00000000f2200000,0x00000000f2200000,0x00000000f2c80000)
 ParOldGen       total 57344K, used 7181K [0x00000000c0000000, 0x00000000c3800000, 0x00000000eab00000)
  object space 57344K, 12% used [0x00000000c0000000,0x00000000c0703490,0x00000000c3800000)
 Metaspace       used 34229K, capacity 35400K, committed 35496K, reserved 1079296K
  class space    used 4712K, capacity 5001K, committed 5040K, reserved 1048576K
Event: 6.286 GC heap after
Heap after GC invocations=10 (full 1):
 PSYoungGen      total 132608K, used 10724K [0x00000000eab00000, 0x00000000f3b80000, 0x0000000100000000)
  eden space 121856K, 0% used [0x00000000eab00000,0x00000000eab00000,0x00000000f2200000)
  from space 10752K, 99% used [0x00000000f2200000,0x00000000f2c79148,0x00000000f2c80000)
  to   space 12288K, 0% used [0x00000000f2f80000,0x00000000f2f80000,0x00000000f3b80000)
 ParOldGen       total 57344K, used 7667K [0x00000000c0000000, 0x00000000c3800000, 0x00000000eab00000)
  object space 57344K, 13% used [0x00000000c0000000,0x00000000c077ceb0,0x00000000c3800000)
 Metaspace       used 34229K, capacity 35400K, committed 35496K, reserved 1079296K
  class space    used 4712K, capacity 5001K, committed 5040K, reserved 1048576K
}
Event: 6.286 GC heap before
{Heap before GC invocations=11 (full 2):
 PSYoungGen      total 132608K, used 10724K [0x00000000eab00000, 0x00000000f3b80000, 0x0000000100000000)
  eden space 121856K, 0% used [0x00000000eab00000,0x00000000eab00000,0x00000000f2200000)
  from space 10752K, 99% used [0x00000000f2200000,0x00000000f2c79148,0x00000000f2c80000)
  to   space 12288K, 0% used [0x00000000f2f80000,0x00000000f2f80000,0x00000000f3b80000)
 ParOldGen       total 57344K, used 7667K [0x00000000c0000000, 0x00000000c3800000, 0x00000000eab00000)
  object space 57344K, 13% used [0x00000000c0000000,0x00000000c077ceb0,0x00000000c3800000)
 Metaspace       used 34229K, capacity 35400K, committed 35496K, reserved 1079296K
  class space    used 4712K, capacity 5001K, committed 5040K, reserved 1048576K
Event: 6.339 GC heap after
Heap after GC invocations=11 (full 2):
 PSYoungGen      total 132608K, used 0K [0x00000000eab00000, 0x00000000f3b80000, 0x0000000100000000)
  eden space 121856K, 0% used [0x00000000eab00000,0x00000000eab00000,0x00000000f2200000)
  from space 10752K, 0% used [0x00000000f2200000,0x00000000f2200000,0x00000000f2c80000)
  to   space 12288K, 0% used [0x00000000f2f80000,0x00000000f2f80000,0x00000000f3b80000)
 ParOldGen       total 93696K, used 17363K [0x00000000c0000000, 0x00000000c5b80000, 0x00000000eab00000)
  object space 93696K, 18% used [0x00000000c0000000,0x00000000c10f4fa8,0x00000000c5b80000)
 Metaspace       used 34229K, capacity 35400K, committed 35496K, reserved 1079296K
  class space    used 4712K, capacity 5001K, committed 5040K, reserved 1048576K
}
Event: 7.556 GC heap before
{Heap before GC invocations=12 (full 2):
 PSYoungGen      total 132608K, used 121856K [0x00000000eab00000, 0x00000000f3b80000, 0x0000000100000000)
  eden space 121856K, 100% used [0x00000000eab00000,0x00000000f2200000,0x00000000f2200000)
  from space 10752K, 0% used [0x00000000f2200000,0x00000000f2200000,0x00000000f2c80000)
  to   space 12288K, 0% used [0x00000000f2f80000,0x00000000f2f80000,0x00000000f3b80000)
 ParOldGen       total 93696K, used 17373K [0x00000000c0000000, 0x00000000c5b80000, 0x00000000eab00000)
  object space 93696K, 18% used [0x00000000c0000000,0x00000000c10f74e8,0x00000000c5b80000)
 Metaspace       used 38872K, capacity 40648K, committed 40872K, reserved 1085440K
  class space    used 5370K, capacity 5748K, committed 5808K, reserved 1048576K
Event: 7.563 GC heap after
Heap after GC invocations=12 (full 2):
 PSYoungGen      total 134144K, used 10395K [0x00000000eab00000, 0x00000000f3b80000, 0x0000000100000000)
  eden space 121856K, 0% used [0x00000000eab00000,0x00000000eab00000,0x00000000f2200000)
  from space 12288K, 84% used [0x00000000f2f80000,0x00000000f39a6d08,0x00000000f3b80000)
  to   space 10752K, 0% used [0x00000000f2200000,0x00000000f2200000,0x00000000f2c80000)
 ParOldGen       total 93696K, used 17381K [0x00000000c0000000, 0x00000000c5b80000, 0x00000000eab00000)
  object space 93696K, 18% used [0x00000000c0000000,0x00000000c10f94e8,0x00000000c5b80000)
 Metaspace       used 38872K, capacity 40648K, committed 40872K, reserved 1085440K
  class space    used 5370K, capacity 5748K, committed 5808K, reserved 1048576K
}

Deoptimization events (10 events):
Event: 8.349 Thread 0x0000000018500000 Uncommon trap: reason=unstable_if action=reinterpret pc=0x0000000002f6d62c method=java.security.CodeSource.getCertificates()[Ljava/security/cert/Certificate; @ 22
Event: 8.350 Thread 0x0000000018500000 Uncommon trap: reason=unstable_if action=reinterpret pc=0x0000000002ef95b0 method=java.util.jar.JarFile.maybeInstantiateVerifier()V @ 4
Event: 8.350 Thread 0x0000000018500000 Uncommon trap: reason=unstable_if action=reinterpret pc=0x0000000003415ce8 method=java.util.jar.JarFile.maybeInstantiateVerifier()V @ 4
Event: 8.350 Thread 0x0000000018500000 Uncommon trap: reason=unstable_if action=reinterpret pc=0x0000000003436fd4 method=java.security.CodeSource.matchCerts(Ljava/security/CodeSource;Z)Z @ 11
Event: 8.370 Thread 0x0000000018500000 Uncommon trap: reason=unstable_if action=reinterpret pc=0x00000000033bc9b8 method=java.util.LinkedHashMap.get(Ljava/lang/Object;)Ljava/lang/Object; @ 20
Event: 8.449 Thread 0x0000000018500000 Uncommon trap: reason=bimorphic action=maybe_recompile pc=0x0000000002c68eb8 method=java.util.regex.Pattern$CharProperty.match(Ljava/util/regex/Matcher;ILjava/lang/CharSequence;)Z @ 18
Event: 8.449 Thread 0x0000000018500000 Uncommon trap: reason=bimorphic action=maybe_recompile pc=0x0000000002c68eb8 method=java.util.regex.Pattern$CharProperty.match(Ljava/util/regex/Matcher;ILjava/lang/CharSequence;)Z @ 18
Event: 8.449 Thread 0x0000000018500000 Uncommon trap: reason=bimorphic action=maybe_recompile pc=0x0000000002c68eb8 method=java.util.regex.Pattern$CharProperty.match(Ljava/util/regex/Matcher;ILjava/lang/CharSequence;)Z @ 18
Event: 8.462 Thread 0x0000000018500000 Uncommon trap: reason=bimorphic action=maybe_recompile pc=0x0000000002c68eb8 method=java.util.regex.Pattern$CharProperty.match(Ljava/util/regex/Matcher;ILjava/lang/CharSequence;)Z @ 18
Event: 8.591 Thread 0x0000000018500000 Uncommon trap: reason=unstable_if action=reinterpret pc=0x00000000033f2f70 method=org.gradle.internal.reflect.PropertyAccessorType.of(Ljava/lang/reflect/Method;)Lorg/gradle/internal/reflect/PropertyAccessorType; @ 56

Classes redefined (0 events):
No events

Internal exceptions (10 events):
Event: 7.304 Thread 0x000000001a044800 Exception <a 'java/lang/NoSuchMethodError': <clinit>> (0x00000000ec2c20e0) thrown at [C:\src\AOSP-openjdk-git\hotspot\src\share\vm\prims\jni.cpp, line 1615]
Event: 7.304 Thread 0x000000001a044800 Exception <a 'java/lang/NoSuchMethodError': <clinit>> (0x00000000ec2cd150) thrown at [C:\src\AOSP-openjdk-git\hotspot\src\share\vm\prims\jni.cpp, line 1615]
Event: 7.306 Thread 0x000000001a044800 Exception <a 'java/lang/NoSuchMethodError': <clinit>> (0x00000000ec2e0520) thrown at [C:\src\AOSP-openjdk-git\hotspot\src\share\vm\prims\jni.cpp, line 1615]
Event: 7.315 Thread 0x0000000018500000 Exception <a 'java/lang/ClassNotFoundException': build_c4i7klf6m0png4wkiawz81whqBeanInfo> (0x00000000f0e18a70) thrown at [C:\src\AOSP-openjdk-git\hotspot\src\share\vm\classfile\systemDictionary.cpp, line 210]
Event: 7.316 Thread 0x0000000018500000 Exception <a 'java/lang/ClassNotFoundException': build_c4i7klf6m0png4wkiawz81whqCustomizer> (0x00000000f0e246b0) thrown at [C:\src\AOSP-openjdk-git\hotspot\src\share\vm\classfile\systemDictionary.cpp, line 210]
Event: 7.323 Thread 0x0000000018500000 Exception <a 'java/lang/ClassNotFoundException': org/gradle/plugin/use/internal/PluginRequestCollector$PluginDependenciesSpecImplBeanInfo> (0x00000000f0ec44a8) thrown at [C:\src\AOSP-openjdk-git\hotspot\src\share\vm\classfile\systemDictionary.cpp, line 21
Event: 7.324 Thread 0x0000000018500000 Exception <a 'java/lang/ClassNotFoundException': org/gradle/plugin/use/internal/PluginRequestCollector$PluginDependenciesSpecImplCustomizer> (0x00000000f0f043e8) thrown at [C:\src\AOSP-openjdk-git\hotspot\src\share\vm\classfile\systemDictionary.cpp, line 
Event: 7.355 Thread 0x0000000018500000 Exception <a 'java/lang/ClassNotFoundException': org/gradle/api/internal/plugins/DefaultObjectConfigurationActionBeanInfo> (0x00000000f125e670) thrown at [C:\src\AOSP-openjdk-git\hotspot\src\share\vm\classfile\systemDictionary.cpp, line 210]
Event: 7.356 Thread 0x0000000018500000 Exception <a 'java/lang/ClassNotFoundException': org/gradle/api/internal/plugins/DefaultObjectConfigurationActionCustomizer> (0x00000000f12a2df0) thrown at [C:\src\AOSP-openjdk-git\hotspot\src\share\vm\classfile\systemDictionary.cpp, line 210]
Event: 8.238 Thread 0x0000000018500000 Implicit null exception at 0x000000000358d0a8 to 0x000000000358d5e9

Events (10 events):
Event: 8.783 loading class com/android/tools/build/jetifier/processor/transform/proguard/ProGuardTypesMapper
Event: 8.783 loading class com/android/tools/build/jetifier/processor/transform/proguard/ProGuardTypesMapper done
Event: 8.784 loading class com/android/tools/build/jetifier/processor/transform/proguard/ProGuardTypesMapper$Companion
Event: 8.784 loading class com/android/tools/build/jetifier/processor/transform/proguard/ProGuardTypesMapper$Companion done
Event: 8.784 loading class com/android/tools/build/jetifier/processor/transform/proguard/patterns/ReplacersRunner
Event: 8.784 loading class com/android/tools/build/jetifier/processor/transform/proguard/patterns/ReplacersRunner done
Event: 8.785 loading class com/android/tools/build/jetifier/processor/transform/proguard/patterns/GroupsReplacer
Event: 8.785 loading class com/android/tools/build/jetifier/processor/transform/proguard/patterns/GroupsReplacer done
Event: 8.785 loading class com/android/tools/build/jetifier/processor/transform/proguard/ProGuardClassSpecParser
Event: 8.785 loading class com/android/tools/build/jetifier/processor/transform/proguard/ProGuardClassSpecParser done


Dynamic libraries:
0x00007ff6eccb0000 - 0x00007ff6ecce1000 	G:\android studio\android-studio\jre\bin\java.exe
0x00007fff65d20000 - 0x00007fff65f10000 	C:\Windows\SYSTEM32\ntdll.dll
0x00007fff63f00000 - 0x00007fff63fb2000 	C:\Windows\System32\KERNEL32.DLL
0x00007fff62e40000 - 0x00007fff630e5000 	C:\Windows\System32\KERNELBASE.dll
0x00007fff64900000 - 0x00007fff649a3000 	C:\Windows\System32\ADVAPI32.dll
0x00007fff646e0000 - 0x00007fff6477e000 	C:\Windows\System32\msvcrt.dll
0x00007fff64230000 - 0x00007fff642c7000 	C:\Windows\System32\sechost.dll
0x00007fff64410000 - 0x00007fff6452f000 	C:\Windows\System32\RPCRT4.dll
0x00007fff64030000 - 0x00007fff641c4000 	C:\Windows\System32\USER32.dll
0x00007fff632b0000 - 0x00007fff632d1000 	C:\Windows\System32\win32u.dll
0x00007fff649c0000 - 0x00007fff649e6000 	C:\Windows\System32\GDI32.dll
0x00007fff62ca0000 - 0x00007fff62e38000 	C:\Windows\System32\gdi32full.dll
0x00007fff631e0000 - 0x00007fff6327e000 	C:\Windows\System32\msvcp_win.dll
0x00007fff63b60000 - 0x00007fff63c5a000 	C:\Windows\System32\ucrtbase.dll
0x00007fff52500000 - 0x00007fff52784000 	C:\Windows\WinSxS\amd64_microsoft.windows.common-controls_6595b64144ccf1df_6.0.18362.1316_none_9e7a364fe461dbd7\COMCTL32.dll
0x00007fff64d60000 - 0x00007fff65097000 	C:\Windows\System32\combase.dll
0x00007fff630f0000 - 0x00007fff63171000 	C:\Windows\System32\bcryptPrimitives.dll
0x00007fff64d30000 - 0x00007fff64d5e000 	C:\Windows\System32\IMM32.DLL
0x0000000051580000 - 0x0000000051652000 	G:\android studio\android-studio\jre\jre\bin\msvcr100.dll
0x0000000051740000 - 0x0000000051f8b000 	G:\android studio\android-studio\jre\jre\bin\server\jvm.dll
0x00007fff64b70000 - 0x00007fff64b78000 	C:\Windows\System32\PSAPI.DLL
0x00007fff5ba90000 - 0x00007fff5ba9a000 	C:\Windows\SYSTEM32\VERSION.dll
0x00007fff60a50000 - 0x00007fff60a74000 	C:\Windows\SYSTEM32\WINMM.dll
0x00007fff49050000 - 0x00007fff49059000 	C:\Windows\SYSTEM32\WSOCK32.dll
0x00007fff65c70000 - 0x00007fff65cdf000 	C:\Windows\System32\WS2_32.dll
0x00007fff608c0000 - 0x00007fff608ed000 	C:\Windows\SYSTEM32\WINMMBASE.dll
0x00007fff63a60000 - 0x00007fff63aaa000 	C:\Windows\System32\cfgmgr32.dll
0x00007fff5efc0000 - 0x00007fff5efcf000 	G:\android studio\android-studio\jre\jre\bin\verify.dll
0x00007fff5ef50000 - 0x00007fff5ef79000 	G:\android studio\android-studio\jre\jre\bin\java.dll
0x00007fff5deb0000 - 0x00007fff5dec6000 	G:\android studio\android-studio\jre\jre\bin\zip.dll
0x00007fff65580000 - 0x00007fff65c68000 	C:\Windows\System32\SHELL32.dll
0x00007fff63dd0000 - 0x00007fff63e77000 	C:\Windows\System32\shcore.dll
0x00007fff632e0000 - 0x00007fff63a5b000 	C:\Windows\System32\windows.storage.dll
0x00007fff62c30000 - 0x00007fff62c53000 	C:\Windows\System32\profapi.dll
0x00007fff62be0000 - 0x00007fff62c2a000 	C:\Windows\System32\powrprof.dll
0x00007fff62bd0000 - 0x00007fff62be0000 	C:\Windows\System32\UMPDC.dll
0x00007fff641d0000 - 0x00007fff64222000 	C:\Windows\System32\shlwapi.dll
0x00007fff62c60000 - 0x00007fff62c71000 	C:\Windows\System32\kernel.appcore.dll
0x00007fff63c60000 - 0x00007fff63c77000 	C:\Windows\System32\cryptsp.dll
0x00007fff52880000 - 0x00007fff5289a000 	G:\android studio\android-studio\jre\jre\bin\net.dll
0x00007fff62410000 - 0x00007fff62477000 	C:\Windows\system32\mswsock.dll
0x00007fff52860000 - 0x00007fff52873000 	G:\android studio\android-studio\jre\jre\bin\nio.dll
0x00007fff5eef0000 - 0x00007fff5ef17000 	C:\Users\ali12\.gradle\native\f6784746aeab05261644944871eae4fe03e0ef1612fff0a4a95f87b438bc6780\windows-amd64\native-platform.dll
0x00007fff5efb0000 - 0x00007fff5efbd000 	G:\android studio\android-studio\jre\jre\bin\management.dll
0x00007fff61f90000 - 0x00007fff61fc3000 	C:\Windows\system32\rsaenh.dll
0x00007fff63280000 - 0x00007fff632a6000 	C:\Windows\System32\bcrypt.dll
0x00007fff62af0000 - 0x00007fff62b15000 	C:\Windows\SYSTEM32\USERENV.dll
0x00007fff625e0000 - 0x00007fff625ec000 	C:\Windows\SYSTEM32\CRYPTBASE.dll
0x00007fff62120000 - 0x00007fff6215a000 	C:\Windows\SYSTEM32\IPHLPAPI.DLL
0x00007fff64020000 - 0x00007fff64028000 	C:\Windows\System32\NSI.dll
0x00007fff59ec0000 - 0x00007fff59ed6000 	C:\Windows\SYSTEM32\dhcpcsvc6.DLL
0x00007fff5ac50000 - 0x00007fff5ac6c000 	C:\Windows\SYSTEM32\dhcpcsvc.DLL
0x00007fff62160000 - 0x00007fff6222b000 	C:\Windows\SYSTEM32\DNSAPI.dll
0x00007fff5c550000 - 0x00007fff5c55b000 	C:\Windows\SYSTEM32\WINNSI.DLL

VM Arguments:
jvm_args: -Xmx1024m -Dfile.encoding=UTF-8 -Duser.country=US -Duser.language=en -Duser.variant 
java_command: org.gradle.launcher.daemon.bootstrap.GradleDaemon 6.5
java_class_path (initial): C:\Users\ali12\.gradle\wrapper\dists\gradle-6.5-bin\6nifqtx7604sqp1q6g8wikw7p\gradle-6.5\lib\gradle-launcher-6.5.jar
Launcher Type: SUN_STANDARD

Environment Variables:
JAVA_HOME=C:\Program Files\Java\jdk-15.0.1
PATH=C:\Program Files\Common Files\Oracle\Java\javapath;C:\Program Files (x86)\Intel\Intel(R) Management Engine Components\iCLS\;C:\Program Files\Intel\Intel(R) Management Engine Components\iCLS\;C:\Windows\system32;C:\Windows;C:\Windows\System32\Wbem;C:\Windows\System32\WindowsPowerShell\v1.0\;C:\Windows\System32\OpenSSH\;C:\Program Files (x86)\Intel\Intel(R) Management Engine Components\DAL;C:\Program Files\Intel\Intel(R) Management Engine Components\DAL;C:\Program Files (x86)\Intel\Intel(R) Management Engine Components\IPT;C:\Program Files\Intel\Intel(R) Management Engine Components\IPT;C:\Program Files\Java\jdk-15.0.1\bin;C:\Program Files\Git\cmd;C:\Users\ali12\AppData\Local\Microsoft\WindowsApps;C:\Users\ali12\AppData\Local\GitHubDesktop\bin;F:\Android Developer  YAT\flutter\bin;
USERNAME=ali12
OS=Windows_NT
PROCESSOR_IDENTIFIER=Intel64 Family 6 Model 142 Stepping 10, GenuineIntel



---------------  S Y S T E M  ---------------

OS: Windows 10.0 , 64 bit Build 18362 (10.0.18362.1316)

CPU:total 8 (initial active 8) (4 cores per cpu, 2 threads per core) family 6 model 142 stepping 10, cmov, cx8, fxsr, mmx, sse, sse2, sse3, ssse3, sse4.1, sse4.2, popcnt, avx, avx2, aes, clmul, erms, 3dnowpref, lzcnt, ht, tsc, tscinvbit, bmi1, bmi2, adx

Memory: 4k page, physical 8039844k(514256k free), swap 33205668k(2744k free)

vm_info: OpenJDK 64-Bit Server VM (25.242-b01) for windows-amd64 JRE (1.8.0_242-release-1644-b01), built by "builder" with MS VC++ 10.0 (VS2010)

time: Sun Jan 24 00:17:41 2021
timezone: Egypt Standard Time
elapsed time: 8 seconds (0d 0h 0m 8s)

