#
# There is insufficient memory for the Java Runtime Environment to continue.
# Native memory allocation (malloc) failed to allocate 705616 bytes for Chunk::new
# Possible reasons:
#   The system is out of physical RAM or swap space
#   The process is running with CompressedOops enabled, and the Java Heap may be blocking the growth of the native heap
# Possible solutions:
#   Reduce memory load on the system
#   Increase physical memory or swap space
#   Check if swap backing store is full
#   Decrease Java heap size (-Xmx/-Xms)
#   Decrease number of Java threads
#   Decrease Java thread stack sizes (-Xss)
#   Set larger code cache with -XX:ReservedCodeCacheSize=
#   JVM is running with Unscaled Compressed Oops mode in which the Java heap is
#     placed in the first 4GB address space. The Java Heap base address is the
#     maximum limit for the native heap growth. Please use -XX:HeapBaseMinAddress
#     to set the Java Heap base and to place the Java Heap above 4GB virtual address.
# This output file may be truncated or incomplete.
#
#  Out of Memory Error (allocation.cpp:389), pid=9584, tid=0x0000000000004894
#
# JRE version: OpenJDK Runtime Environment (8.0_242-b01) (build 1.8.0_242-release-1644-b01)
# Java VM: OpenJDK 64-Bit Server VM (25.242-b01 mixed mode windows-amd64 compressed oops)
# Failed to write core dump. Minidumps are not enabled by default on client versions of Windows
#

---------------  T H R E A D  ---------------

Current thread (0x0000000014fbc800):  JavaThread "C2 CompilerThread1" daemon [_thread_in_native, id=18580, stack(0x0000000017790000,0x0000000017890000)]

Stack: [0x0000000017790000,0x0000000017890000]
[error occurred during error reporting (printing stack bounds), id 0xc0000005]

Native frames: (J=compiled Java code, j=interpreted, Vv=VM code, C=native code)


Current CompileTask:
C2:   5952 2125  s    4       sun.misc.URLClassPath::getNextLoader (88 bytes)


---------------  P R O C E S S  ---------------

Java Threads: ( => current thread )
  0x000000001a050000 JavaThread "Cache worker for execution history cache (C:\Users\ali12\.gradle\caches\6.5\executionHistory)" [_thread_blocked, id=15544, stack(0x000000001f8c0000,0x000000001f9c0000)]
  0x000000001a04d800 JavaThread "Cache worker for cache directory md-rule (C:\Users\ali12\.gradle\caches\6.5\md-rule)" [_thread_blocked, id=21072, stack(0x000000001f7c0000,0x000000001f8c0000)]
  0x000000001a04d000 JavaThread "Cache worker for cache directory md-supplier (C:\Users\ali12\.gradle\caches\6.5\md-supplier)" [_thread_blocked, id=19544, stack(0x000000001f6c0000,0x000000001f7c0000)]
  0x000000001a04c000 JavaThread "Cache worker for checksums cache (C:\Users\ali12\AndroidStudioProjects\Doctor\.gradle\checksums)" [_thread_blocked, id=15020, stack(0x000000001e310000,0x000000001e410000)]
  0x000000001a04b800 JavaThread "Cache worker for file hash cache (C:\Users\ali12\AndroidStudioProjects\Doctor\.gradle\6.5\fileHashes)" [_thread_blocked, id=16952, stack(0x000000001cf80000,0x000000001d080000)]
  0x000000001a04a800 JavaThread "Cache worker for file hash cache (C:\Users\ali12\.gradle\caches\6.5\fileHashes)" [_thread_blocked, id=21204, stack(0x000000001bcb0000,0x000000001bdb0000)]
  0x000000001a04a000 JavaThread "File lock request listener" [_thread_in_native, id=15624, stack(0x000000001bbb0000,0x000000001bcb0000)]
  0x000000001a04f000 JavaThread "Cache worker for journal cache (C:\Users\ali12\.gradle\caches\journal-1)" [_thread_blocked, id=18780, stack(0x000000001bab0000,0x000000001bbb0000)]
  0x0000000019a01800 JavaThread "Thread-9" [_thread_blocked, id=19840, stack(0x000000001b7b0000,0x000000001b8b0000)]
  0x0000000019aa3800 JavaThread "Stdin handler" [_thread_blocked, id=9172, stack(0x000000001b6b0000,0x000000001b7b0000)]
  0x00000000199d8000 JavaThread "Asynchronous log dispatcher for DefaultDaemonConnection: socket connection from /127.0.0.1:51299 to /127.0.0.1:51300" [_thread_blocked, id=2264, stack(0x000000001b5b0000,0x000000001b6b0000)]
  0x0000000019969800 JavaThread "Daemon worker" [_thread_in_Java, id=19608, stack(0x000000001b4b0000,0x000000001b5b0000)]
  0x0000000018000000 JavaThread "Cancel handler" [_thread_blocked, id=15308, stack(0x000000001b3b0000,0x000000001b4b0000)]
  0x0000000017e92000 JavaThread "Handler for socket connection from /127.0.0.1:51299 to /127.0.0.1:51300" [_thread_in_native, id=18864, stack(0x000000001b2b0000,0x000000001b3b0000)]
  0x0000000017e8c000 JavaThread "Daemon" [_thread_blocked, id=20356, stack(0x000000001afb0000,0x000000001b0b0000)]
  0x0000000019943000 JavaThread "Daemon periodic checks" [_thread_blocked, id=21008, stack(0x000000001aeb0000,0x000000001afb0000)]
  0x00000000198d6800 JavaThread "Incoming local TCP Connector on port 51299" [_thread_in_native, id=20004, stack(0x000000001ac70000,0x000000001ad70000)]
  0x0000000019541000 JavaThread "Daemon health stats" [_thread_blocked, id=21068, stack(0x000000001a630000,0x000000001a730000)]
  0x0000000016e33800 JavaThread "Service Thread" daemon [_thread_blocked, id=15164, stack(0x0000000017a90000,0x0000000017b90000)]
  0x0000000016dd9800 JavaThread "C1 CompilerThread3" daemon [_thread_in_native, id=7132, stack(0x0000000017990000,0x0000000017a90000)]
  0x0000000016dd6000 JavaThread "C2 CompilerThread2" daemon [_thread_in_native, id=20260, stack(0x0000000017890000,0x0000000017990000)]
=>0x0000000014fbc800 JavaThread "C2 CompilerThread1" daemon [_thread_in_native, id=18580, stack(0x0000000017790000,0x0000000017890000)]
  0x0000000014fb9000 JavaThread "C2 CompilerThread0" daemon [_thread_in_native, id=6920, stack(0x0000000017690000,0x0000000017790000)]
  0x0000000016dc2000 JavaThread "Attach Listener" daemon [_thread_blocked, id=16504, stack(0x0000000017590000,0x0000000017690000)]
  0x0000000016dc0800 JavaThread "Signal Dispatcher" daemon [_thread_blocked, id=20208, stack(0x0000000017490000,0x0000000017590000)]
  0x000000000248d000 JavaThread "Finalizer" daemon [_thread_blocked, id=20740, stack(0x0000000017290000,0x0000000017390000)]
  0x0000000016db0800 JavaThread "Reference Handler" daemon [_thread_blocked, id=21288, stack(0x0000000017190000,0x0000000017290000)]
  0x000000000220e000 JavaThread "main" [_thread_blocked, id=15636, stack(0x0000000002250000,0x0000000002350000)]

Other Threads:
  0x0000000014fa8000 VMThread [stack: 0x0000000016c90000,0x0000000016d90000] [id=15484]
  0x0000000016e34000 WatcherThread [stack: 0x0000000017b90000,0x0000000017c90000] [id=21048]

VM state:not at safepoint (normal execution)

VM Mutex/Monitor currently owned by a thread:  ([mutex/lock_event])
[0x000000000220cb50] CodeCache_lock - owner thread: 0x0000000000000000

heap address: 0x00000000c0000000, size: 1024 MB, Compressed Oops mode: 32-bit
Narrow klass base: 0x0000000000000000, Narrow klass shift: 3
Compressed class space size: 1073741824 Address: 0x0000000100000000

Heap:
 PSYoungGen      total 51200K, used 22918K [0x00000000eab00000, 0x00000000ef380000, 0x0000000100000000)
  eden space 48128K, 41% used [0x00000000eab00000,0x00000000ebe93680,0x00000000eda00000)
  from space 3072K, 93% used [0x00000000ef080000,0x00000000ef34e520,0x00000000ef380000)
  to   space 10752K, 0% used [0x00000000ede80000,0x00000000ede80000,0x00000000ee900000)
 ParOldGen       total 54272K, used 7224K [0x00000000c0000000, 0x00000000c3500000, 0x00000000eab00000)
  object space 54272K, 13% used [0x00000000c0000000,0x00000000c070e088,0x00000000c3500000)
 Metaspace       used 25444K, capacity 26186K, committed 26416K, reserved 1071104K
  class space    used 3548K, capacity 3775K, committed 3888K, reserved 1048576K

Card table byte_map: [0x0000000011850000,0x0000000011a60000] byte_map_base: 0x0000000011250000

Marking Bits: (ParMarkBitMap*) 0x0000000051f0f030
 Begin Bits: [0x00000000123c0000, 0x00000000133c0000)
 End Bits:   [0x00000000133c0000, 0x00000000143c0000)

Polling page: 0x00000000021d0000

CodeCache: size=245760Kb used=7551Kb max_used=7561Kb free=238208Kb
 bounds [0x0000000002490000, 0x0000000002c00000, 0x0000000011490000]
 total_blobs=2623 nmethods=2188 adapters=348
 compilation: enabled

Compilation events (10 events):
Event: 5.941 Thread 0x0000000016dd9800 2180       3       java.util.concurrent.atomic.AtomicInteger::<init> (5 bytes)
Event: 5.941 Thread 0x0000000016dd9800 nmethod 2180 0x0000000002bedbd0 code [0x0000000002bedd40, 0x0000000002bedf50]
Event: 5.942 Thread 0x0000000016dd9800 2182       3       org.codehaus.groovy.reflection.CachedMethod::compareToCachedMethod (160 bytes)
Event: 5.943 Thread 0x0000000016dd9800 nmethod 2182 0x0000000002bee010 code [0x0000000002bee300, 0x0000000002befe48]
Event: 5.943 Thread 0x0000000016dd9800 2181       3       org.codehaus.groovy.reflection.CachedMethod::compareTo (25 bytes)
Event: 5.943 Thread 0x0000000016dd9800 nmethod 2181 0x0000000002bf0ad0 code [0x0000000002bf0c60, 0x0000000002bf1118]
Event: 5.943 Thread 0x0000000016dd9800 2183       3       java.lang.reflect.Method::isBridge (16 bytes)
Event: 5.943 Thread 0x0000000016dd9800 nmethod 2183 0x0000000002bf1210 code [0x0000000002bf1360, 0x0000000002bf15b0]
Event: 5.943 Thread 0x0000000016dd9800 2184       3       org.codehaus.groovy.util.ReferenceManager$1::afterReferenceCreation (57 bytes)
Event: 5.944 Thread 0x0000000016dd9800 nmethod 2184 0x0000000002bf1610 code [0x0000000002bf17a0, 0x0000000002bf1c58]

GC Heap History (10 events):
Event: 4.019 GC heap before
{Heap before GC invocations=5 (full 0):
 PSYoungGen      total 36864K, used 36832K [0x00000000eab00000, 0x00000000ed400000, 0x0000000100000000)
  eden space 31744K, 100% used [0x00000000eab00000,0x00000000eca00000,0x00000000eca00000)
  from space 5120K, 99% used [0x00000000ecf00000,0x00000000ed3f8020,0x00000000ed400000)
  to   space 5120K, 0% used [0x00000000eca00000,0x00000000eca00000,0x00000000ecf00000)
 ParOldGen       total 84992K, used 3183K [0x00000000c0000000, 0x00000000c5300000, 0x00000000eab00000)
  object space 84992K, 3% used [0x00000000c0000000,0x00000000c031bfb8,0x00000000c5300000)
 Metaspace       used 17128K, capacity 17720K, committed 17920K, reserved 1064960K
  class space    used 2329K, capacity 2498K, committed 2560K, reserved 1048576K
Event: 4.026 GC heap after
Heap after GC invocations=5 (full 0):
 PSYoungGen      total 36352K, used 5104K [0x00000000eab00000, 0x00000000edc80000, 0x0000000100000000)
  eden space 31232K, 0% used [0x00000000eab00000,0x00000000eab00000,0x00000000ec980000)
  from space 5120K, 99% used [0x00000000eca00000,0x00000000ecefc030,0x00000000ecf00000)
  to   space 9728K, 0% used [0x00000000ed300000,0x00000000ed300000,0x00000000edc80000)
 ParOldGen       total 84992K, used 5668K [0x00000000c0000000, 0x00000000c5300000, 0x00000000eab00000)
  object space 84992K, 6% used [0x00000000c0000000,0x00000000c05893d0,0x00000000c5300000)
 Metaspace       used 17128K, capacity 17720K, committed 17920K, reserved 1064960K
  class space    used 2329K, capacity 2498K, committed 2560K, reserved 1048576K
}
Event: 4.596 GC heap before
{Heap before GC invocations=6 (full 0):
 PSYoungGen      total 36352K, used 36336K [0x00000000eab00000, 0x00000000edc80000, 0x0000000100000000)
  eden space 31232K, 100% used [0x00000000eab00000,0x00000000ec980000,0x00000000ec980000)
  from space 5120K, 99% used [0x00000000eca00000,0x00000000ecefc030,0x00000000ecf00000)
  to   space 9728K, 0% used [0x00000000ed300000,0x00000000ed300000,0x00000000edc80000)
 ParOldGen       total 84992K, used 5668K [0x00000000c0000000, 0x00000000c5300000, 0x00000000eab00000)
  object space 84992K, 6% used [0x00000000c0000000,0x00000000c05893d0,0x00000000c5300000)
 Metaspace       used 19973K, capacity 20630K, committed 20992K, reserved 1067008K
  class space    used 2779K, capacity 2945K, committed 3072K, reserved 1048576K
Event: 4.605 GC heap after
Heap after GC invocations=6 (full 0):
 PSYoungGen      total 39936K, used 8896K [0x00000000eab00000, 0x00000000efd00000, 0x0000000100000000)
  eden space 30208K, 0% used [0x00000000eab00000,0x00000000eab00000,0x00000000ec880000)
  from space 9728K, 91% used [0x00000000ed300000,0x00000000edbb0308,0x00000000edc80000)
  to   space 10752K, 0% used [0x00000000ec880000,0x00000000ec880000,0x00000000ed300000)
 ParOldGen       total 84992K, used 5676K [0x00000000c0000000, 0x00000000c5300000, 0x00000000eab00000)
  object space 84992K, 6% used [0x00000000c0000000,0x00000000c058b3d0,0x00000000c5300000)
 Metaspace       used 19973K, capacity 20630K, committed 20992K, reserved 1067008K
  class space    used 2779K, capacity 2945K, committed 3072K, reserved 1048576K
}
Event: 4.700 GC heap before
{Heap before GC invocations=7 (full 0):
 PSYoungGen      total 39936K, used 19550K [0x00000000eab00000, 0x00000000efd00000, 0x0000000100000000)
  eden space 30208K, 35% used [0x00000000eab00000,0x00000000eb567550,0x00000000ec880000)
  from space 9728K, 91% used [0x00000000ed300000,0x00000000edbb0308,0x00000000edc80000)
  to   space 10752K, 0% used [0x00000000ec880000,0x00000000ec880000,0x00000000ed300000)
 ParOldGen       total 84992K, used 5676K [0x00000000c0000000, 0x00000000c5300000, 0x00000000eab00000)
  object space 84992K, 6% used [0x00000000c0000000,0x00000000c058b3d0,0x00000000c5300000)
 Metaspace       used 20582K, capacity 21216K, committed 21296K, reserved 1067008K
  class space    used 2875K, capacity 3076K, committed 3120K, reserved 1048576K
Event: 4.706 GC heap after
Heap after GC invocations=7 (full 0):
 PSYoungGen      total 40960K, used 4737K [0x00000000eab00000, 0x00000000efb00000, 0x0000000100000000)
  eden space 30208K, 0% used [0x00000000eab00000,0x00000000eab00000,0x00000000ec880000)
  from space 10752K, 44% used [0x00000000ec880000,0x00000000ecd20508,0x00000000ed300000)
  to   space 10752K, 0% used [0x00000000ef080000,0x00000000ef080000,0x00000000efb00000)
 ParOldGen       total 84992K, used 8053K [0x00000000c0000000, 0x00000000c5300000, 0x00000000eab00000)
  object space 84992K, 9% used [0x00000000c0000000,0x00000000c07dd440,0x00000000c5300000)
 Metaspace       used 20582K, capacity 21216K, committed 21296K, reserved 1067008K
  class space    used 2875K, capacity 3076K, committed 3120K, reserved 1048576K
}
Event: 4.706 GC heap before
{Heap before GC invocations=8 (full 1):
 PSYoungGen      total 40960K, used 4737K [0x00000000eab00000, 0x00000000efb00000, 0x0000000100000000)
  eden space 30208K, 0% used [0x00000000eab00000,0x00000000eab00000,0x00000000ec880000)
  from space 10752K, 44% used [0x00000000ec880000,0x00000000ecd20508,0x00000000ed300000)
  to   space 10752K, 0% used [0x00000000ef080000,0x00000000ef080000,0x00000000efb00000)
 ParOldGen       total 84992K, used 8053K [0x00000000c0000000, 0x00000000c5300000, 0x00000000eab00000)
  object space 84992K, 9% used [0x00000000c0000000,0x00000000c07dd440,0x00000000c5300000)
 Metaspace       used 20582K, capacity 21216K, committed 21296K, reserved 1067008K
  class space    used 2875K, capacity 3076K, committed 3120K, reserved 1048576K
Event: 4.766 GC heap after
Heap after GC invocations=8 (full 1):
 PSYoungGen      total 40960K, used 0K [0x00000000eab00000, 0x00000000efb00000, 0x0000000100000000)
  eden space 30208K, 0% used [0x00000000eab00000,0x00000000eab00000,0x00000000ec880000)
  from space 10752K, 0% used [0x00000000ec880000,0x00000000ec880000,0x00000000ed300000)
  to   space 10752K, 0% used [0x00000000ef080000,0x00000000ef080000,0x00000000efb00000)
 ParOldGen       total 54272K, used 7216K [0x00000000c0000000, 0x00000000c3500000, 0x00000000eab00000)
  object space 54272K, 13% used [0x00000000c0000000,0x00000000c070c088,0x00000000c3500000)
 Metaspace       used 20582K, capacity 21216K, committed 21296K, reserved 1067008K
  class space    used 2875K, capacity 3076K, committed 3120K, reserved 1048576K
}
Event: 5.611 GC heap before
{Heap before GC invocations=9 (full 1):
 PSYoungGen      total 40960K, used 30208K [0x00000000eab00000, 0x00000000efb00000, 0x0000000100000000)
  eden space 30208K, 100% used [0x00000000eab00000,0x00000000ec880000,0x00000000ec880000)
  from space 10752K, 0% used [0x00000000ec880000,0x00000000ec880000,0x00000000ed300000)
  to   space 10752K, 0% used [0x00000000ef080000,0x00000000ef080000,0x00000000efb00000)
 ParOldGen       total 54272K, used 7216K [0x00000000c0000000, 0x00000000c3500000, 0x00000000eab00000)
  object space 54272K, 13% used [0x00000000c0000000,0x00000000c070c088,0x00000000c3500000)
 Metaspace       used 22625K, capacity 23406K, committed 23728K, reserved 1069056K
  class space    used 3197K, capacity 3403K, committed 3504K, reserved 1048576K
Event: 5.614 GC heap after
Heap after GC invocations=9 (full 1):
 PSYoungGen      total 51200K, used 2873K [0x00000000eab00000, 0x00000000ef380000, 0x0000000100000000)
  eden space 48128K, 0% used [0x00000000eab00000,0x00000000eab00000,0x00000000eda00000)
  from space 3072K, 93% used [0x00000000ef080000,0x00000000ef34e520,0x00000000ef380000)
  to   space 10752K, 0% used [0x00000000ede80000,0x00000000ede80000,0x00000000ee900000)
 ParOldGen       total 54272K, used 7224K [0x00000000c0000000, 0x00000000c3500000, 0x00000000eab00000)
  object space 54272K, 13% used [0x00000000c0000000,0x00000000c070e088,0x00000000c3500000)
 Metaspace       used 22625K, capacity 23406K, committed 23728K, reserved 1069056K
  class space    used 3197K, capacity 3403K, committed 3504K, reserved 1048576K
}

Deoptimization events (10 events):
Event: 5.279 Thread 0x0000000019969800 Uncommon trap: reason=unstable_if action=reinterpret pc=0x0000000002a9dba0 method=java.util.HashMap.hash(Ljava/lang/Object;)I @ 1
Event: 5.307 Thread 0x0000000019969800 Uncommon trap: reason=unstable_if action=reinterpret pc=0x0000000002a16bbc method=jdk.internal.org.objectweb.asm.Type.getArgumentsAndReturnSizes(Ljava/lang/String;)I @ 88
Event: 5.418 Thread 0x0000000019969800 Uncommon trap: reason=unstable_if action=reinterpret pc=0x00000000029d300c method=java.io.WinNTFileSystem.isLetter(C)Z @ 15
Event: 5.419 Thread 0x0000000019969800 Uncommon trap: reason=unstable_if action=reinterpret pc=0x000000000278c54c method=java.io.WinNTFileSystem.resolve(Ljava/lang/String;Ljava/lang/String;)Ljava/lang/String; @ 49
Event: 5.800 Thread 0x0000000019969800 Uncommon trap: reason=unstable_if action=reinterpret pc=0x0000000002a38dd0 method=java.util.HashMap.putVal(ILjava/lang/Object;Ljava/lang/Object;ZZ)Ljava/lang/Object; @ 162
Event: 5.856 Thread 0x0000000019969800 Uncommon trap: reason=class_check action=maybe_recompile pc=0x000000000292c9b4 method=java.io.BufferedInputStream.read([BII)I @ 101
Event: 5.857 Thread 0x0000000019969800 Uncommon trap: reason=class_check action=maybe_recompile pc=0x000000000292c9b4 method=java.io.BufferedInputStream.read([BII)I @ 101
Event: 5.857 Thread 0x0000000019969800 Uncommon trap: reason=class_check action=maybe_recompile pc=0x000000000292c9b4 method=java.io.BufferedInputStream.read([BII)I @ 101
Event: 5.857 Thread 0x0000000019969800 Uncommon trap: reason=class_check action=maybe_recompile pc=0x000000000292c9b4 method=java.io.BufferedInputStream.read([BII)I @ 101
Event: 5.858 Thread 0x0000000019969800 Uncommon trap: reason=class_check action=maybe_recompile pc=0x000000000296e830 method=java.io.BufferedInputStream.read([BII)I @ 101

Classes redefined (0 events):
No events

Internal exceptions (10 events):
Event: 3.196 Thread 0x0000000017e92000 Exception <a 'java/lang/NoSuchMethodError': <clinit>> (0x00000000eae40fa0) thrown at [C:\src\AOSP-openjdk-git\hotspot\src\share\vm\prims\jni.cpp, line 1615]
Event: 3.750 Thread 0x0000000019969800 Exception <a 'java/lang/NoSuchMethodError': java.lang.Object.lambda$and$0(Ljava/util/function/Predicate;Ljava/lang/Object;)Z> (0x00000000eb31acd8) thrown at [C:\src\AOSP-openjdk-git\hotspot\src\share\vm\interpreter\linkResolver.cpp, line 620]
Event: 3.760 Thread 0x0000000019969800 Exception <a 'java/lang/IncompatibleClassChangeError': Found class java.lang.Object, but interface was expected> (0x00000000eb32afd0) thrown at [C:\src\AOSP-openjdk-git\hotspot\src\share\vm\interpreter\linkResolver.cpp, line 653]
Event: 3.764 Thread 0x0000000019969800 Exception <a 'java/lang/NoSuchMethodError': java.lang.Object.lambda$or$2(Ljava/util/function/Predicate;Ljava/lang/Object;)Z> (0x00000000eb32fb20) thrown at [C:\src\AOSP-openjdk-git\hotspot\src\share\vm\interpreter\linkResolver.cpp, line 620]
Event: 4.052 Thread 0x0000000019969800 Exception <a 'java/lang/NoSuchMethodError': java.lang.Object.lambda$static$0(Lorg/gradle/internal/state/ModelObject;)Ljava/lang/String;> (0x00000000eabc2ba0) thrown at [C:\src\AOSP-openjdk-git\hotspot\src\share\vm\interpreter\linkResolver.cpp, line 620]
Event: 4.485 Thread 0x0000000019969800 Exception <a 'java/lang/NoSuchMethodError': java.lang.Object.lambda$static$1(Lorg/gradle/internal/snapshot/SnapshotHierarchy$DiffCapturingUpdateFunction;)Lorg/gradle/internal/snapshot/AtomicSnapshotHierarchyReference$UpdateFunction;> (0x00000000ec2e7ee0) 
Event: 5.279 Thread 0x0000000019969800 Implicit null exception at 0x0000000002a9d995 to 0x0000000002a9db91
Event: 5.307 Thread 0x0000000019969800 Exception <a 'java/lang/NoSuchMethodError': java.lang.Object.lambda$comparing$77a9974f$1(Ljava/util/function/Function;Ljava/lang/Object;Ljava/lang/Object;)I> (0x00000000eaee2a48) thrown at [C:\src\AOSP-openjdk-git\hotspot\src\share\vm\interpreter\linkReso
Event: 5.341 Thread 0x0000000019969800 Exception <a 'java/lang/NoSuchMethodError': java.lang.Object.lambda$withReadOnlyCache$0(Ljava/util/function/BiFunction;Lorg/gradle/api/internal/artifacts/ivyservice/ArtifactCacheMetadata;)Ljava/lang/Object;> (0x00000000eb107b48) thrown at [C:\src\AOSP-ope
Event: 5.369 Thread 0x0000000019969800 Exception <a 'java/lang/NoSuchMethodError': java.lang.Object.lambda$static$0(Lorg/gradle/api/internal/artifacts/ivyservice/ivyresolve/ModuleComponentRepository;Ljava/lang/String;Lorg/gradle/api/internal/artifacts/configurations/ResolutionStrategyInternal;

Events (10 events):
Event: 5.946 loading class java/util/function/ToLongFunction done
Event: 5.946 loading class java/util/stream/LongStream
Event: 5.946 loading class java/util/stream/LongStream done
Event: 5.946 loading class java/util/function/ToDoubleFunction
Event: 5.946 loading class java/util/function/ToDoubleFunction done
Event: 5.946 loading class java/util/stream/DoubleStream
Event: 5.947 loading class java/util/stream/DoubleStream done
Event: 5.947 loading class org/codehaus/groovy/runtime/DefaultGroovyStaticMethods
Event: 5.947 loading class org/codehaus/groovy/runtime/DefaultGroovyStaticMethods done
Event: 5.948 loading class java/time/ZoneId


Dynamic libraries:
0x00007ff6eccb0000 - 0x00007ff6ecce1000 	G:\android studio\android-studio\jre\bin\java.exe
0x00007fff65d20000 - 0x00007fff65f10000 	C:\Windows\SYSTEM32\ntdll.dll
0x00007fff63f00000 - 0x00007fff63fb2000 	C:\Windows\System32\KERNEL32.DLL
0x00007fff62e40000 - 0x00007fff630e5000 	C:\Windows\System32\KERNELBASE.dll
0x00007fff64900000 - 0x00007fff649a3000 	C:\Windows\System32\ADVAPI32.dll
0x00007fff646e0000 - 0x00007fff6477e000 	C:\Windows\System32\msvcrt.dll
0x00007fff64230000 - 0x00007fff642c7000 	C:\Windows\System32\sechost.dll
0x00007fff64410000 - 0x00007fff6452f000 	C:\Windows\System32\RPCRT4.dll
0x00007fff64030000 - 0x00007fff641c4000 	C:\Windows\System32\USER32.dll
0x00007fff632b0000 - 0x00007fff632d1000 	C:\Windows\System32\win32u.dll
0x00007fff649c0000 - 0x00007fff649e6000 	C:\Windows\System32\GDI32.dll
0x00007fff62ca0000 - 0x00007fff62e38000 	C:\Windows\System32\gdi32full.dll
0x00007fff631e0000 - 0x00007fff6327e000 	C:\Windows\System32\msvcp_win.dll
0x00007fff63b60000 - 0x00007fff63c5a000 	C:\Windows\System32\ucrtbase.dll
0x00007fff52500000 - 0x00007fff52784000 	C:\Windows\WinSxS\amd64_microsoft.windows.common-controls_6595b64144ccf1df_6.0.18362.1316_none_9e7a364fe461dbd7\COMCTL32.dll
0x00007fff64d60000 - 0x00007fff65097000 	C:\Windows\System32\combase.dll
0x00007fff630f0000 - 0x00007fff63171000 	C:\Windows\System32\bcryptPrimitives.dll
0x00007fff64d30000 - 0x00007fff64d5e000 	C:\Windows\System32\IMM32.DLL
0x0000000051580000 - 0x0000000051652000 	G:\android studio\android-studio\jre\jre\bin\msvcr100.dll
0x0000000051740000 - 0x0000000051f8b000 	G:\android studio\android-studio\jre\jre\bin\server\jvm.dll
0x00007fff64b70000 - 0x00007fff64b78000 	C:\Windows\System32\PSAPI.DLL
0x00007fff60a50000 - 0x00007fff60a74000 	C:\Windows\SYSTEM32\WINMM.dll
0x00007fff608c0000 - 0x00007fff608ed000 	C:\Windows\SYSTEM32\WINMMBASE.dll
0x00007fff5ba90000 - 0x00007fff5ba9a000 	C:\Windows\SYSTEM32\VERSION.dll
0x00007fff63a60000 - 0x00007fff63aaa000 	C:\Windows\System32\cfgmgr32.dll
0x00007fff49050000 - 0x00007fff49059000 	C:\Windows\SYSTEM32\WSOCK32.dll
0x00007fff65c70000 - 0x00007fff65cdf000 	C:\Windows\System32\ws2_32.DLL
0x00007fff5efc0000 - 0x00007fff5efcf000 	G:\android studio\android-studio\jre\jre\bin\verify.dll
0x00007fff5ef50000 - 0x00007fff5ef79000 	G:\android studio\android-studio\jre\jre\bin\java.dll
0x00007fff5deb0000 - 0x00007fff5dec6000 	G:\android studio\android-studio\jre\jre\bin\zip.dll
0x00007fff65580000 - 0x00007fff65c68000 	C:\Windows\System32\SHELL32.dll
0x00007fff63dd0000 - 0x00007fff63e77000 	C:\Windows\System32\shcore.dll
0x00007fff632e0000 - 0x00007fff63a5b000 	C:\Windows\System32\windows.storage.dll
0x00007fff62c30000 - 0x00007fff62c53000 	C:\Windows\System32\profapi.dll
0x00007fff62be0000 - 0x00007fff62c2a000 	C:\Windows\System32\powrprof.dll
0x00007fff62bd0000 - 0x00007fff62be0000 	C:\Windows\System32\UMPDC.dll
0x00007fff641d0000 - 0x00007fff64222000 	C:\Windows\System32\shlwapi.dll
0x00007fff62c60000 - 0x00007fff62c71000 	C:\Windows\System32\kernel.appcore.dll
0x00007fff63c60000 - 0x00007fff63c77000 	C:\Windows\System32\cryptsp.dll
0x00007fff52880000 - 0x00007fff5289a000 	G:\android studio\android-studio\jre\jre\bin\net.dll
0x00007fff62410000 - 0x00007fff62477000 	C:\Windows\system32\mswsock.dll
0x00007fff52860000 - 0x00007fff52873000 	G:\android studio\android-studio\jre\jre\bin\nio.dll
0x00007fff5eef0000 - 0x00007fff5ef17000 	C:\Users\ali12\.gradle\native\f6784746aeab05261644944871eae4fe03e0ef1612fff0a4a95f87b438bc6780\windows-amd64\native-platform.dll
0x00007fff5efb0000 - 0x00007fff5efbd000 	G:\android studio\android-studio\jre\jre\bin\management.dll
0x00007fff61f90000 - 0x00007fff61fc3000 	C:\Windows\system32\rsaenh.dll
0x00007fff63280000 - 0x00007fff632a6000 	C:\Windows\System32\bcrypt.dll
0x00007fff62af0000 - 0x00007fff62b15000 	C:\Windows\SYSTEM32\USERENV.dll
0x00007fff625e0000 - 0x00007fff625ec000 	C:\Windows\SYSTEM32\CRYPTBASE.dll
0x00007fff62120000 - 0x00007fff6215a000 	C:\Windows\SYSTEM32\IPHLPAPI.DLL
0x00007fff64020000 - 0x00007fff64028000 	C:\Windows\System32\NSI.dll
0x00007fff59ec0000 - 0x00007fff59ed6000 	C:\Windows\SYSTEM32\dhcpcsvc6.DLL
0x00007fff5ac50000 - 0x00007fff5ac6c000 	C:\Windows\SYSTEM32\dhcpcsvc.DLL
0x00007fff62160000 - 0x00007fff6222b000 	C:\Windows\SYSTEM32\DNSAPI.dll
0x00007fff5c550000 - 0x00007fff5c55b000 	C:\Windows\SYSTEM32\WINNSI.DLL

VM Arguments:
jvm_args: -Xmx1024m -Dfile.encoding=UTF-8 -Duser.country=US -Duser.language=en -Duser.variant 
java_command: org.gradle.launcher.daemon.bootstrap.GradleDaemon 6.5
java_class_path (initial): C:\Users\ali12\.gradle\wrapper\dists\gradle-6.5-bin\6nifqtx7604sqp1q6g8wikw7p\gradle-6.5\lib\gradle-launcher-6.5.jar
Launcher Type: SUN_STANDARD

Environment Variables:
JAVA_HOME=C:\Program Files\Java\jdk-15.0.1
PATH=C:\Program Files\Common Files\Oracle\Java\javapath;C:\Program Files (x86)\Intel\Intel(R) Management Engine Components\iCLS\;C:\Program Files\Intel\Intel(R) Management Engine Components\iCLS\;C:\Windows\system32;C:\Windows;C:\Windows\System32\Wbem;C:\Windows\System32\WindowsPowerShell\v1.0\;C:\Windows\System32\OpenSSH\;C:\Program Files (x86)\Intel\Intel(R) Management Engine Components\DAL;C:\Program Files\Intel\Intel(R) Management Engine Components\DAL;C:\Program Files (x86)\Intel\Intel(R) Management Engine Components\IPT;C:\Program Files\Intel\Intel(R) Management Engine Components\IPT;C:\Program Files\Java\jdk-15.0.1\bin;C:\Program Files\Git\cmd;C:\Users\ali12\AppData\Local\Microsoft\WindowsApps;C:\Users\ali12\AppData\Local\GitHubDesktop\bin;F:\Android Developer  YAT\flutter\bin;
USERNAME=ali12
OS=Windows_NT
PROCESSOR_IDENTIFIER=Intel64 Family 6 Model 142 Stepping 10, GenuineIntel



---------------  S Y S T E M  ---------------

OS: Windows 10.0 , 64 bit Build 18362 (10.0.18362.1316)

CPU:total 8 (initial active 8) (4 cores per cpu, 2 threads per core) family 6 model 142 stepping 10, cmov, cx8, fxsr, mmx, sse, sse2, sse3, ssse3, sse4.1, sse4.2, popcnt, avx, avx2, aes, clmul, erms, 3dnowpref, lzcnt, ht, tsc, tscinvbit, bmi1, bmi2, adx

Memory: 4k page, physical 8039844k(200696k free), swap 33205668k(0k free)

vm_info: OpenJDK 64-Bit Server VM (25.242-b01) for windows-amd64 JRE (1.8.0_242-release-1644-b01), built by "builder" with MS VC++ 10.0 (VS2010)

time: Sun Jan 24 00:20:30 2021
timezone: Egypt Standard Time
elapsed time: 5 seconds (0d 0h 0m 5s)

