#
# There is insufficient memory for the Java Runtime Environment to continue.
# Native memory allocation (malloc) failed to allocate 638096 bytes for Chunk::new
# Possible reasons:
#   The system is out of physical RAM or swap space
#   The process is running with CompressedOops enabled, and the Java Heap may be blocking the growth of the native heap
# Possible solutions:
#   Reduce memory load on the system
#   Increase physical memory or swap space
#   Check if swap backing store is full
#   Decrease Java heap size (-Xmx/-Xms)
#   Decrease number of Java threads
#   Decrease Java thread stack sizes (-Xss)
#   Set larger code cache with -XX:ReservedCodeCacheSize=
#   JVM is running with Unscaled Compressed Oops mode in which the Java heap is
#     placed in the first 4GB address space. The Java Heap base address is the
#     maximum limit for the native heap growth. Please use -XX:HeapBaseMinAddress
#     to set the Java Heap base and to place the Java Heap above 4GB virtual address.
# This output file may be truncated or incomplete.
#
#  Out of Memory Error (allocation.cpp:389), pid=12004, tid=0x0000000000004f18
#
# JRE version: OpenJDK Runtime Environment (8.0_242-b01) (build 1.8.0_242-release-1644-b01)
# Java VM: OpenJDK 64-Bit Server VM (25.242-b01 mixed mode windows-amd64 compressed oops)
# Failed to write core dump. Minidumps are not enabled by default on client versions of Windows
#

---------------  T H R E A D  ---------------

Current thread (0x00000000172f3800):  JavaThread "C2 CompilerThread1" daemon [_thread_in_native, id=20248, stack(0x0000000017cc0000,0x0000000017dc0000)]

Stack: [0x0000000017cc0000,0x0000000017dc0000]
[error occurred during error reporting (printing stack bounds), id 0xc0000005]

Native frames: (J=compiled Java code, j=interpreted, Vv=VM code, C=native code)


Current CompileTask:
C2:   7613 4755       4       java.lang.Class::privateGetMethodRecursive (130 bytes)


---------------  P R O C E S S  ---------------

Java Threads: ( => current thread )
  0x000000001d298000 JavaThread "Cache worker for Build Output Cleanup Cache (C:\Users\ali12\AndroidStudioProjects\Doctor\.gradle\buildOutputCleanup)" [_thread_blocked, id=3100, stack(0x0000000027420000,0x0000000027520000)]
  0x000000001d296800 JavaThread "jar transforms Thread 94" [_thread_blocked, id=16928, stack(0x0000000027120000,0x0000000027220000)]
  0x000000001d295000 JavaThread "jar transforms Thread 93" [_thread_blocked, id=9552, stack(0x0000000027020000,0x0000000027120000)]
  0x000000001d297800 JavaThread "jar transforms Thread 92" [_thread_blocked, id=21072, stack(0x0000000026f20000,0x0000000027020000)]
  0x000000001a1ac000 JavaThread "jar transforms Thread 91" [_thread_blocked, id=20676, stack(0x0000000026e20000,0x0000000026f20000)]
  0x000000001a1ab000 JavaThread "jar transforms Thread 90" [_thread_blocked, id=19544, stack(0x0000000026d20000,0x0000000026e20000)]
  0x000000001a1a9800 JavaThread "jar transforms Thread 89" [_thread_blocked, id=5436, stack(0x0000000026c20000,0x0000000026d20000)]
  0x000000001a1aa800 JavaThread "jar transforms Thread 88" [_thread_blocked, id=18812, stack(0x0000000026b20000,0x0000000026c20000)]
  0x000000001a1a9000 JavaThread "jar transforms Thread 87" [_thread_blocked, id=20724, stack(0x0000000026a20000,0x0000000026b20000)]
  0x000000001a1a8000 JavaThread "jar transforms Thread 86" [_thread_blocked, id=18836, stack(0x0000000026920000,0x0000000026a20000)]
  0x000000001a1a7800 JavaThread "jar transforms Thread 85" [_thread_blocked, id=21292, stack(0x0000000026820000,0x0000000026920000)]
  0x000000001a1a6800 JavaThread "jar transforms Thread 84" [_thread_blocked, id=21404, stack(0x0000000026720000,0x0000000026820000)]
  0x000000001a1a6000 JavaThread "jar transforms Thread 83" [_thread_blocked, id=9420, stack(0x0000000026620000,0x0000000026720000)]
  0x000000001a1ac800 JavaThread "jar transforms Thread 82" [_thread_blocked, id=21400, stack(0x0000000026520000,0x0000000026620000)]
  0x000000001a19e000 JavaThread "jar transforms Thread 81" [_thread_blocked, id=20064, stack(0x0000000026420000,0x0000000026520000)]
  0x000000001a1a5000 JavaThread "jar transforms Thread 80" [_thread_blocked, id=20420, stack(0x0000000026320000,0x0000000026420000)]
  0x000000001a19d800 JavaThread "jar transforms Thread 79" [_thread_blocked, id=19128, stack(0x0000000026220000,0x0000000026320000)]
  0x000000001a1a4000 JavaThread "jar transforms Thread 78" [_thread_blocked, id=20424, stack(0x0000000026120000,0x0000000026220000)]
  0x000000001a1a2000 JavaThread "jar transforms Thread 77" [_thread_blocked, id=21284, stack(0x0000000026020000,0x0000000026120000)]
  0x000000001a1a1000 JavaThread "jar transforms Thread 76" [_thread_blocked, id=17312, stack(0x0000000025f20000,0x0000000026020000)]
  0x000000001a19f800 JavaThread "jar transforms Thread 75" [_thread_blocked, id=8544, stack(0x0000000025e20000,0x0000000025f20000)]
  0x000000001a1a3800 JavaThread "jar transforms Thread 74" [_thread_blocked, id=11436, stack(0x0000000025d20000,0x0000000025e20000)]
  0x000000001a1a0800 JavaThread "jar transforms Thread 73" [_thread_blocked, id=19332, stack(0x0000000025c20000,0x0000000025d20000)]
  0x000000001a1a2800 JavaThread "jar transforms Thread 72" [_thread_blocked, id=21004, stack(0x0000000025b20000,0x0000000025c20000)]
  0x000000001a19f000 JavaThread "jar transforms Thread 71" [_thread_blocked, id=15636, stack(0x0000000025a20000,0x0000000025b20000)]
  0x0000000018906000 JavaThread "jar transforms Thread 70" [_thread_blocked, id=13948, stack(0x0000000025920000,0x0000000025a20000)]
  0x0000000018909000 JavaThread "jar transforms Thread 69" [_thread_blocked, id=19856, stack(0x0000000025820000,0x0000000025920000)]
  0x0000000018905000 JavaThread "jar transforms Thread 68" [_thread_blocked, id=16152, stack(0x0000000025720000,0x0000000025820000)]
  0x0000000018908000 JavaThread "jar transforms Thread 67" [_thread_blocked, id=16956, stack(0x0000000025620000,0x0000000025720000)]
  0x0000000018907800 JavaThread "jar transforms Thread 66" [_thread_blocked, id=21248, stack(0x0000000025520000,0x0000000025620000)]
  0x0000000018904800 JavaThread "jar transforms Thread 65" [_thread_blocked, id=19108, stack(0x0000000025420000,0x0000000025520000)]
  0x0000000018909800 JavaThread "jar transforms Thread 64" [_thread_blocked, id=10116, stack(0x0000000025320000,0x0000000025420000)]
  0x0000000018906800 JavaThread "jar transforms Thread 63" [_thread_blocked, id=18096, stack(0x0000000025220000,0x0000000025320000)]
  0x0000000018903800 JavaThread "jar transforms Thread 62" [_thread_blocked, id=20156, stack(0x0000000025120000,0x0000000025220000)]
  0x00000000188fc000 JavaThread "jar transforms Thread 61" [_thread_blocked, id=3884, stack(0x0000000025020000,0x0000000025120000)]
  0x0000000018903000 JavaThread "jar transforms Thread 60" [_thread_blocked, id=20448, stack(0x0000000024f20000,0x0000000025020000)]
  0x00000000188fb800 JavaThread "jar transforms Thread 59" [_thread_blocked, id=19860, stack(0x0000000024e20000,0x0000000024f20000)]
  0x0000000018902000 JavaThread "jar transforms Thread 58" [_thread_blocked, id=18712, stack(0x0000000024d20000,0x0000000024e20000)]
  0x0000000018901800 JavaThread "jar transforms Thread 57" [_thread_blocked, id=1524, stack(0x0000000024c20000,0x0000000024d20000)]
  0x0000000018900000 JavaThread "jar transforms Thread 56" [_thread_blocked, id=19912, stack(0x0000000024b20000,0x0000000024c20000)]
  0x00000000188fd000 JavaThread "jar transforms Thread 55" [_thread_blocked, id=17288, stack(0x0000000024a20000,0x0000000024b20000)]
  0x00000000188fe800 JavaThread "jar transforms Thread 54" [_thread_blocked, id=20028, stack(0x0000000024920000,0x0000000024a20000)]
  0x00000000188fd800 JavaThread "jar transforms Thread 53" [_thread_blocked, id=13484, stack(0x0000000024820000,0x0000000024920000)]
  0x00000000188ff000 JavaThread "jar transforms Thread 52" [_thread_blocked, id=17264, stack(0x0000000024720000,0x0000000024820000)]
  0x00000000188fa800 JavaThread "jar transforms Thread 51" [_thread_blocked, id=16300, stack(0x0000000024620000,0x0000000024720000)]
  0x0000000018900800 JavaThread "jar transforms Thread 50" [_thread_blocked, id=21492, stack(0x0000000024520000,0x0000000024620000)]
  0x000000001893b000 JavaThread "jar transforms Thread 49" [_thread_blocked, id=21048, stack(0x0000000024420000,0x0000000024520000)]
  0x000000001893a000 JavaThread "jar transforms Thread 48" [_thread_blocked, id=21296, stack(0x0000000024320000,0x0000000024420000)]
  0x0000000018939800 JavaThread "jar transforms Thread 47" [_thread_blocked, id=18704, stack(0x0000000024220000,0x0000000024320000)]
  0x0000000018938800 JavaThread "jar transforms Thread 46" [_thread_blocked, id=1108, stack(0x0000000024120000,0x0000000024220000)]
  0x0000000018938000 JavaThread "jar transforms Thread 45" [_thread_blocked, id=20692, stack(0x0000000024020000,0x0000000024120000)]
  0x0000000018930800 JavaThread "jar transforms Thread 44" [_thread_blocked, id=18576, stack(0x0000000023f20000,0x0000000024020000)]
  0x0000000018937000 JavaThread "jar transforms Thread 43" [_thread_blocked, id=7072, stack(0x0000000023e20000,0x0000000023f20000)]
  0x0000000018936800 JavaThread "jar transforms Thread 42" [_thread_blocked, id=17364, stack(0x0000000023d20000,0x0000000023e20000)]
  0x0000000018935800 JavaThread "jar transforms Thread 41" [_thread_blocked, id=1344, stack(0x0000000023c20000,0x0000000023d20000)]
  0x0000000018934000 JavaThread "jar transforms Thread 40" [_thread_blocked, id=20508, stack(0x0000000023b20000,0x0000000023c20000)]
  0x0000000018933800 JavaThread "jar transforms Thread 39" [_thread_blocked, id=15164, stack(0x0000000023a20000,0x0000000023b20000)]
  0x0000000018935000 JavaThread "jar transforms Thread 38" [_thread_blocked, id=18928, stack(0x0000000023920000,0x0000000023a20000)]
  0x000000001892e000 JavaThread "jar transforms Thread 37" [_thread_blocked, id=21088, stack(0x0000000023820000,0x0000000023920000)]
  0x000000001892b800 JavaThread "jar transforms Thread 36" [_thread_blocked, id=16492, stack(0x0000000023720000,0x0000000023820000)]
  0x000000001892d000 JavaThread "jar transforms Thread 35" [_thread_blocked, id=18904, stack(0x0000000023620000,0x0000000023720000)]
  0x0000000018931000 JavaThread "jar transforms Thread 34" [_thread_blocked, id=16224, stack(0x0000000023520000,0x0000000023620000)]
  0x0000000018932000 JavaThread "jar transforms Thread 33" [_thread_blocked, id=18648, stack(0x0000000023420000,0x0000000023520000)]
  0x0000000018932800 JavaThread "jar transforms Thread 32" [_thread_blocked, id=19696, stack(0x0000000023320000,0x0000000023420000)]
  0x000000001892f800 JavaThread "jar transforms Thread 31" [_thread_blocked, id=21076, stack(0x0000000023220000,0x0000000023320000)]
  0x000000001892c800 JavaThread "jar transforms Thread 30" [_thread_blocked, id=20504, stack(0x0000000023120000,0x0000000023220000)]
  0x000000001892e800 JavaThread "jar transforms Thread 29" [_thread_blocked, id=11108, stack(0x0000000023020000,0x0000000023120000)]
  0x000000001ccb3000 JavaThread "jar transforms Thread 28" [_thread_blocked, id=17304, stack(0x0000000022f20000,0x0000000023020000)]
  0x000000001ccb2000 JavaThread "jar transforms Thread 27" [_thread_blocked, id=19804, stack(0x0000000022e20000,0x0000000022f20000)]
  0x000000001ccb8800 JavaThread "jar transforms Thread 26" [_thread_blocked, id=16844, stack(0x0000000022d20000,0x0000000022e20000)]
  0x000000001ccb5000 JavaThread "jar transforms Thread 25" [_thread_blocked, id=21464, stack(0x0000000022c20000,0x0000000022d20000)]
  0x000000001ccb4800 JavaThread "jar transforms Thread 24" [_thread_blocked, id=17356, stack(0x0000000022b20000,0x0000000022c20000)]
  0x000000001ccb1800 JavaThread "jar transforms Thread 23" [_thread_blocked, id=21480, stack(0x0000000022a20000,0x0000000022b20000)]
  0x000000001ccb7000 JavaThread "jar transforms Thread 22" [_thread_blocked, id=16836, stack(0x0000000022920000,0x0000000022a20000)]
  0x000000001ccb3800 JavaThread "jar transforms Thread 21" [_thread_blocked, id=3516, stack(0x0000000022820000,0x0000000022920000)]
  0x000000001ccb6000 JavaThread "jar transforms Thread 20" [_thread_blocked, id=5348, stack(0x0000000022720000,0x0000000022820000)]
  0x000000001ccb7800 JavaThread "jar transforms Thread 19" [_thread_blocked, id=20536, stack(0x0000000022620000,0x0000000022720000)]
  0x000000001ccaa000 JavaThread "jar transforms Thread 18" [_thread_blocked, id=15820, stack(0x0000000022520000,0x0000000022620000)]
  0x000000001ccb0000 JavaThread "jar transforms Thread 17" [_thread_blocked, id=13764, stack(0x0000000022420000,0x0000000022520000)]
  0x000000001ccae800 JavaThread "jar transforms Thread 16" [_thread_blocked, id=21440, stack(0x0000000022320000,0x0000000022420000)]
  0x000000001ccab800 JavaThread "jar transforms Thread 15" [_thread_blocked, id=16904, stack(0x0000000022220000,0x0000000022320000)]
  0x000000001ccaf000 JavaThread "jar transforms Thread 14" [_thread_blocked, id=19808, stack(0x0000000022120000,0x0000000022220000)]
  0x000000001ccb0800 JavaThread "jar transforms Thread 13" [_thread_blocked, id=2984, stack(0x0000000022020000,0x0000000022120000)]
  0x000000001cca9000 JavaThread "jar transforms Thread 12" [_thread_blocked, id=20836, stack(0x0000000021f20000,0x0000000022020000)]
  0x000000001ccad000 JavaThread "jar transforms Thread 11" [_thread_blocked, id=20396, stack(0x0000000021e20000,0x0000000021f20000)]
  0x000000001ccac000 JavaThread "jar transforms Thread 10" [_thread_blocked, id=13432, stack(0x0000000021d20000,0x0000000021e20000)]
  0x000000001ccaa800 JavaThread "jar transforms Thread 9" [_thread_blocked, id=5720, stack(0x0000000021c20000,0x0000000021d20000)]
  0x000000001ccad800 JavaThread "jar transforms Thread 8" [_thread_blocked, id=20704, stack(0x0000000021b20000,0x0000000021c20000)]
  0x000000001959f000 JavaThread "jar transforms Thread 7" [_thread_blocked, id=20988, stack(0x0000000021a20000,0x0000000021b20000)]
  0x000000001959e000 JavaThread "jar transforms Thread 6" [_thread_blocked, id=17256, stack(0x0000000021920000,0x0000000021a20000)]
  0x00000000195a3800 JavaThread "jar transforms Thread 5" [_thread_blocked, id=18652, stack(0x0000000021820000,0x0000000021920000)]
  0x00000000195a1000 JavaThread "jar transforms Thread 4" [_thread_blocked, id=21256, stack(0x0000000021720000,0x0000000021820000)]
  0x000000001959f800 JavaThread "jar transforms Thread 3" [_thread_blocked, id=8536, stack(0x0000000021620000,0x0000000021720000)]
  0x00000000195a2800 JavaThread "jar transforms Thread 2" [_thread_blocked, id=19476, stack(0x0000000020c00000,0x0000000020d00000)]
  0x00000000195a2000 JavaThread "Build operations Thread 8" [_thread_blocked, id=19628, stack(0x0000000021420000,0x0000000021520000)]
  0x00000000195a0800 JavaThread "Build operations Thread 7" [_thread_blocked, id=18792, stack(0x0000000021320000,0x0000000021420000)]
  0x0000000019598000 JavaThread "Build operations Thread 6" [_thread_blocked, id=16136, stack(0x0000000021220000,0x0000000021320000)]
  0x0000000019596800 JavaThread "Build operations Thread 5" [_thread_blocked, id=19964, stack(0x0000000021120000,0x0000000021220000)]
  0x000000001959d800 JavaThread "Build operations Thread 4" [_thread_blocked, id=1780, stack(0x0000000021020000,0x0000000021120000)]
  0x0000000019595800 JavaThread "Build operations Thread 3" [_thread_blocked, id=18552, stack(0x0000000020f20000,0x0000000021020000)]
  0x000000001959c800 JavaThread "Build operations Thread 2" [_thread_blocked, id=19748, stack(0x0000000020e20000,0x0000000020f20000)]
  0x000000001959c000 JavaThread "Build operations" [_thread_blocked, id=17556, stack(0x0000000020d20000,0x0000000020e20000)]
  0x000000001a29b000 JavaThread "Cache worker for file content cache (C:\Users\ali12\.gradle\caches\6.5\fileContent)" [_thread_blocked, id=20532, stack(0x0000000020500000,0x0000000020600000)]
  0x000000001a299800 JavaThread "jar transforms" [_thread_blocked, id=21388, stack(0x0000000020400000,0x0000000020500000)]
  0x000000001a298800 JavaThread "Cache worker for execution history cache (C:\Users\ali12\.gradle\caches\6.5\executionHistory)" [_thread_blocked, id=19872, stack(0x000000001fc00000,0x000000001fd00000)]
  0x000000001a298000 JavaThread "Cache worker for cache directory md-rule (C:\Users\ali12\.gradle\caches\6.5\md-rule)" [_thread_blocked, id=13700, stack(0x000000001fb00000,0x000000001fc00000)]
  0x000000001a29a000 JavaThread "Cache worker for cache directory md-supplier (C:\Users\ali12\.gradle\caches\6.5\md-supplier)" [_thread_blocked, id=20828, stack(0x000000001e7b0000,0x000000001e8b0000)]
  0x000000001a297000 JavaThread "Cache worker for checksums cache (C:\Users\ali12\AndroidStudioProjects\Doctor\.gradle\checksums)" [_thread_blocked, id=4272, stack(0x000000001e4b0000,0x000000001e5b0000)]
  0x000000001a29c800 JavaThread "Cache worker for file hash cache (C:\Users\ali12\AndroidStudioProjects\Doctor\.gradle\6.5\fileHashes)" [_thread_blocked, id=19832, stack(0x000000001ff00000,0x0000000020000000)]
  0x000000001a29d000 JavaThread "Cache worker for file hash cache (C:\Users\ali12\.gradle\caches\6.5\fileHashes)" [_thread_blocked, id=20884, stack(0x000000001c210000,0x000000001c310000)]
  0x000000001a29e000 JavaThread "File lock request listener" [_thread_in_native, id=19596, stack(0x000000001c110000,0x000000001c210000)]
  0x0000000019c82000 JavaThread "Cache worker for journal cache (C:\Users\ali12\.gradle\caches\journal-1)" [_thread_blocked, id=19800, stack(0x000000001bde0000,0x000000001bee0000)]
  0x0000000019d3e000 JavaThread "Thread-9" [_thread_blocked, id=13292, stack(0x000000001bce0000,0x000000001bde0000)]
  0x0000000019bdc800 JavaThread "Stdin handler" [_thread_blocked, id=19820, stack(0x000000001bbe0000,0x000000001bce0000)]
  0x0000000019bdc000 JavaThread "Asynchronous log dispatcher for DefaultDaemonConnection: socket connection from /127.0.0.1:51187 to /127.0.0.1:51188" [_thread_blocked, id=15452, stack(0x000000001bae0000,0x000000001bbe0000)]
  0x0000000019bb0000 JavaThread "Daemon worker" [_thread_in_native, id=19276, stack(0x000000001b9e0000,0x000000001bae0000)]
  0x0000000019bc3800 JavaThread "Cancel handler" [_thread_blocked, id=21080, stack(0x000000001b8e0000,0x000000001b9e0000)]
  0x00000000195ca800 JavaThread "Handler for socket connection from /127.0.0.1:51187 to /127.0.0.1:51188" [_thread_in_native, id=20444, stack(0x000000001b7e0000,0x000000001b8e0000)]
  0x0000000018569800 JavaThread "Daemon" [_thread_blocked, id=15444, stack(0x000000001b4e0000,0x000000001b5e0000)]
  0x0000000019bba000 JavaThread "Daemon periodic checks" [_thread_blocked, id=6920, stack(0x000000001b3e0000,0x000000001b4e0000)]
  0x0000000019b0f800 JavaThread "Incoming local TCP Connector on port 51187" [_thread_in_native, id=16504, stack(0x000000001b1a0000,0x000000001b2a0000)]
  0x0000000017420800 JavaThread "Daemon health stats" [_thread_blocked, id=19848, stack(0x000000001ab60000,0x000000001ac60000)]
  0x0000000017314000 JavaThread "Service Thread" daemon [_thread_blocked, id=20648, stack(0x0000000017fc0000,0x00000000180c0000)]
  0x0000000017301000 JavaThread "C1 CompilerThread3" daemon [_thread_blocked, id=19572, stack(0x0000000017ec0000,0x0000000017fc0000)]
  0x00000000172fd000 JavaThread "C2 CompilerThread2" daemon [_thread_in_native, id=19768, stack(0x0000000017dc0000,0x0000000017ec0000)]
=>0x00000000172f3800 JavaThread "C2 CompilerThread1" daemon [_thread_in_native, id=20248, stack(0x0000000017cc0000,0x0000000017dc0000)]
  0x00000000172f0800 JavaThread "C2 CompilerThread0" daemon [_thread_in_native, id=21012, stack(0x0000000017bc0000,0x0000000017cc0000)]
  0x00000000172ef000 JavaThread "Attach Listener" daemon [_thread_blocked, id=20384, stack(0x0000000017ac0000,0x0000000017bc0000)]
  0x00000000172ee000 JavaThread "Signal Dispatcher" daemon [_thread_blocked, id=18852, stack(0x00000000179c0000,0x0000000017ac0000)]
  0x00000000172e1000 JavaThread "Finalizer" daemon [_thread_blocked, id=21432, stack(0x00000000177c0000,0x00000000178c0000)]
  0x00000000172e0800 JavaThread "Reference Handler" daemon [_thread_blocked, id=19424, stack(0x00000000176c0000,0x00000000177c0000)]
  0x00000000028be000 JavaThread "main" [_thread_blocked, id=15832, stack(0x0000000002720000,0x0000000002820000)]

Other Threads:
  0x00000000154d8000 VMThread [stack: 0x00000000171c0000,0x00000000172c0000] [id=20740]
  0x0000000017314800 WatcherThread [stack: 0x00000000180c0000,0x00000000181c0000] [id=1200]

VM state:not at safepoint (normal execution)

VM Mutex/Monitor currently owned by a thread: None

heap address: 0x00000000c0000000, size: 1024 MB, Compressed Oops mode: 32-bit
Narrow klass base: 0x0000000000000000, Narrow klass shift: 3
Compressed class space size: 1073741824 Address: 0x0000000100000000

Heap:
 PSYoungGen      total 148992K, used 18151K [0x00000000eab00000, 0x00000000f5480000, 0x0000000100000000)
  eden space 135680K, 3% used [0x00000000eab00000,0x00000000eafc09a8,0x00000000f2f80000)
  from space 13312K, 99% used [0x00000000f2f80000,0x00000000f3c79310,0x00000000f3c80000)
  to   space 12288K, 0% used [0x00000000f3c80000,0x00000000f3c80000,0x00000000f4880000)
 ParOldGen       total 92160K, used 26622K [0x00000000c0000000, 0x00000000c5a00000, 0x00000000eab00000)
  object space 92160K, 28% used [0x00000000c0000000,0x00000000c19ffa68,0x00000000c5a00000)
 Metaspace       used 50958K, capacity 52966K, committed 53160K, reserved 1095680K
  class space    used 6828K, capacity 7228K, committed 7344K, reserved 1048576K

Card table byte_map: [0x0000000011d80000,0x0000000011f90000] byte_map_base: 0x0000000011780000

Marking Bits: (ParMarkBitMap*) 0x0000000051f0f030
 Begin Bits: [0x00000000128f0000, 0x00000000138f0000)
 End Bits:   [0x00000000138f0000, 0x00000000148f0000)

Polling page: 0x0000000000950000

CodeCache: size=245760Kb used=14514Kb max_used=14701Kb free=231245Kb
 bounds [0x00000000029c0000, 0x0000000003830000, 0x00000000119c0000]
 total_blobs=5028 nmethods=4267 adapters=673
 compilation: enabled

Compilation events (10 events):
Event: 7.566 Thread 0x0000000017301000 4765       3       org.codehaus.groovy.reflection.CachedClass::access$000 (5 bytes)
Event: 7.567 Thread 0x0000000017301000 nmethod 4765 0x0000000003806710 code [0x0000000003806880, 0x00000000038069e8]
Event: 7.567 Thread 0x0000000017301000 4766   !   3       org.codehaus.groovy.reflection.CachedClass::makeAccessible (89 bytes)
Event: 7.568 Thread 0x0000000017301000 nmethod 4766 0x000000000380d990 code [0x000000000380dbe0, 0x000000000380e8c8]
Event: 7.586 Thread 0x00000000172f0800 nmethod 4760 0x000000000381c1d0 code [0x000000000381c380, 0x000000000381cfd8]
Event: 7.586 Thread 0x00000000172f0800 4767       4       org.codehaus.groovy.runtime.metaclass.MetaMethodIndex::addMethodToList (298 bytes)
Event: 7.599 Thread 0x0000000017301000 4768       3       java.util.LinkedList$ListItr::set (28 bytes)
Event: 7.599 Thread 0x0000000017301000 nmethod 4768 0x000000000381e990 code [0x000000000381eb20, 0x000000000381ef78]
Event: 7.604 Thread 0x0000000017301000 4769       1       groovy.lang.GroovyObjectSupport::getMetaClass (5 bytes)
Event: 7.604 Thread 0x0000000017301000 nmethod 4769 0x000000000380d6d0 code [0x000000000380d820, 0x000000000380d930]

GC Heap History (10 events):
Event: 3.481 GC heap before
{Heap before GC invocations=9 (full 1):
 PSYoungGen      total 73216K, used 62464K [0x00000000eab00000, 0x00000000f3a00000, 0x0000000100000000)
  eden space 62464K, 100% used [0x00000000eab00000,0x00000000ee800000,0x00000000ee800000)
  from space 10752K, 0% used [0x00000000ee800000,0x00000000ee800000,0x00000000ef280000)
  to   space 10752K, 0% used [0x00000000f2f80000,0x00000000f2f80000,0x00000000f3a00000)
 ParOldGen       total 54272K, used 7179K [0x00000000c0000000, 0x00000000c3500000, 0x00000000eab00000)
  object space 54272K, 13% used [0x00000000c0000000,0x00000000c0702d80,0x00000000c3500000)
 Metaspace       used 28501K, capacity 29374K, committed 29616K, reserved 1075200K
  class space    used 3945K, capacity 4187K, committed 4272K, reserved 1048576K
Event: 3.488 GC heap after
Heap after GC invocations=9 (full 1):
 PSYoungGen      total 108544K, used 8090K [0x00000000eab00000, 0x00000000f3780000, 0x0000000100000000)
  eden space 100352K, 0% used [0x00000000eab00000,0x00000000eab00000,0x00000000f0d00000)
  from space 8192K, 98% used [0x00000000f2f80000,0x00000000f3766a68,0x00000000f3780000)
  to   space 10752K, 0% used [0x00000000f2280000,0x00000000f2280000,0x00000000f2d00000)
 ParOldGen       total 54272K, used 7187K [0x00000000c0000000, 0x00000000c3500000, 0x00000000eab00000)
  object space 54272K, 13% used [0x00000000c0000000,0x00000000c0704d80,0x00000000c3500000)
 Metaspace       used 28501K, capacity 29374K, committed 29616K, reserved 1075200K
  class space    used 3945K, capacity 4187K, committed 4272K, reserved 1048576K
}
Event: 4.433 GC heap before
{Heap before GC invocations=10 (full 1):
 PSYoungGen      total 108544K, used 102958K [0x00000000eab00000, 0x00000000f3780000, 0x0000000100000000)
  eden space 100352K, 94% used [0x00000000eab00000,0x00000000f07a5160,0x00000000f0d00000)
  from space 8192K, 98% used [0x00000000f2f80000,0x00000000f3766a68,0x00000000f3780000)
  to   space 10752K, 0% used [0x00000000f2280000,0x00000000f2280000,0x00000000f2d00000)
 ParOldGen       total 54272K, used 7187K [0x00000000c0000000, 0x00000000c3500000, 0x00000000eab00000)
  object space 54272K, 13% used [0x00000000c0000000,0x00000000c0704d80,0x00000000c3500000)
 Metaspace       used 34241K, capacity 35412K, committed 35496K, reserved 1079296K
  class space    used 4713K, capacity 5001K, committed 5040K, reserved 1048576K
Event: 4.451 GC heap after
Heap after GC invocations=10 (full 1):
 PSYoungGen      total 133120K, used 10726K [0x00000000eab00000, 0x00000000f4880000, 0x0000000100000000)
  eden space 122368K, 0% used [0x00000000eab00000,0x00000000eab00000,0x00000000f2280000)
  from space 10752K, 99% used [0x00000000f2280000,0x00000000f2cf9a08,0x00000000f2d00000)
  to   space 12288K, 0% used [0x00000000f3c80000,0x00000000f3c80000,0x00000000f4880000)
 ParOldGen       total 54272K, used 7617K [0x00000000c0000000, 0x00000000c3500000, 0x00000000eab00000)
  object space 54272K, 14% used [0x00000000c0000000,0x00000000c07705e0,0x00000000c3500000)
 Metaspace       used 34241K, capacity 35412K, committed 35496K, reserved 1079296K
  class space    used 4713K, capacity 5001K, committed 5040K, reserved 1048576K
}
Event: 4.451 GC heap before
{Heap before GC invocations=11 (full 2):
 PSYoungGen      total 133120K, used 10726K [0x00000000eab00000, 0x00000000f4880000, 0x0000000100000000)
  eden space 122368K, 0% used [0x00000000eab00000,0x00000000eab00000,0x00000000f2280000)
  from space 10752K, 99% used [0x00000000f2280000,0x00000000f2cf9a08,0x00000000f2d00000)
  to   space 12288K, 0% used [0x00000000f3c80000,0x00000000f3c80000,0x00000000f4880000)
 ParOldGen       total 54272K, used 7617K [0x00000000c0000000, 0x00000000c3500000, 0x00000000eab00000)
  object space 54272K, 14% used [0x00000000c0000000,0x00000000c07705e0,0x00000000c3500000)
 Metaspace       used 34241K, capacity 35412K, committed 35496K, reserved 1079296K
  class space    used 4713K, capacity 5001K, committed 5040K, reserved 1048576K
Event: 4.543 GC heap after
Heap after GC invocations=11 (full 2):
 PSYoungGen      total 133120K, used 0K [0x00000000eab00000, 0x00000000f4880000, 0x0000000100000000)
  eden space 122368K, 0% used [0x00000000eab00000,0x00000000eab00000,0x00000000f2280000)
  from space 10752K, 0% used [0x00000000f2280000,0x00000000f2280000,0x00000000f2d00000)
  to   space 12288K, 0% used [0x00000000f3c80000,0x00000000f3c80000,0x00000000f4880000)
 ParOldGen       total 92160K, used 17352K [0x00000000c0000000, 0x00000000c5a00000, 0x00000000eab00000)
  object space 92160K, 18% used [0x00000000c0000000,0x00000000c10f2160,0x00000000c5a00000)
 Metaspace       used 34241K, capacity 35412K, committed 35496K, reserved 1079296K
  class space    used 4713K, capacity 5001K, committed 5040K, reserved 1048576K
}
Event: 5.815 GC heap before
{Heap before GC invocations=12 (full 2):
 PSYoungGen      total 133120K, used 122368K [0x00000000eab00000, 0x00000000f4880000, 0x0000000100000000)
  eden space 122368K, 100% used [0x00000000eab00000,0x00000000f2280000,0x00000000f2280000)
  from space 10752K, 0% used [0x00000000f2280000,0x00000000f2280000,0x00000000f2d00000)
  to   space 12288K, 0% used [0x00000000f3c80000,0x00000000f3c80000,0x00000000f4880000)
 ParOldGen       total 92160K, used 17352K [0x00000000c0000000, 0x00000000c5a00000, 0x00000000eab00000)
  object space 92160K, 18% used [0x00000000c0000000,0x00000000c10f2160,0x00000000c5a00000)
 Metaspace       used 38871K, capacity 40636K, committed 40872K, reserved 1085440K
  class space    used 5372K, capacity 5744K, committed 5808K, reserved 1048576K
Event: 5.824 GC heap after
Heap after GC invocations=12 (full 2):
 PSYoungGen      total 147968K, used 10450K [0x00000000eab00000, 0x00000000f5480000, 0x0000000100000000)
  eden space 135680K, 0% used [0x00000000eab00000,0x00000000eab00000,0x00000000f2f80000)
  from space 12288K, 85% used [0x00000000f3c80000,0x00000000f46b4a00,0x00000000f4880000)
  to   space 13312K, 0% used [0x00000000f2f80000,0x00000000f2f80000,0x00000000f3c80000)
 ParOldGen       total 92160K, used 17360K [0x00000000c0000000, 0x00000000c5a00000, 0x00000000eab00000)
  object space 92160K, 18% used [0x00000000c0000000,0x00000000c10f4160,0x00000000c5a00000)
 Metaspace       used 38871K, capacity 40636K, committed 40872K, reserved 1085440K
  class space    used 5372K, capacity 5744K, committed 5808K, reserved 1048576K
}
Event: 7.571 GC heap before
{Heap before GC invocations=13 (full 2):
 PSYoungGen      total 147968K, used 146130K [0x00000000eab00000, 0x00000000f5480000, 0x0000000100000000)
  eden space 135680K, 100% used [0x00000000eab00000,0x00000000f2f80000,0x00000000f2f80000)
  from space 12288K, 85% used [0x00000000f3c80000,0x00000000f46b4a00,0x00000000f4880000)
  to   space 13312K, 0% used [0x00000000f2f80000,0x00000000f2f80000,0x00000000f3c80000)
 ParOldGen       total 92160K, used 17360K [0x00000000c0000000, 0x00000000c5a00000, 0x00000000eab00000)
  object space 92160K, 18% used [0x00000000c0000000,0x00000000c10f4160,0x00000000c5a00000)
 Metaspace       used 50923K, capacity 52948K, committed 53160K, reserved 1095680K
  class space    used 6821K, capacity 7224K, committed 7344K, reserved 1048576K
Event: 7.585 GC heap after
Heap after GC invocations=13 (full 2):
 PSYoungGen      total 148992K, used 13284K [0x00000000eab00000, 0x00000000f5480000, 0x0000000100000000)
  eden space 135680K, 0% used [0x00000000eab00000,0x00000000eab00000,0x00000000f2f80000)
  from space 13312K, 99% used [0x00000000f2f80000,0x00000000f3c79310,0x00000000f3c80000)
  to   space 12288K, 0% used [0x00000000f3c80000,0x00000000f3c80000,0x00000000f4880000)
 ParOldGen       total 92160K, used 26622K [0x00000000c0000000, 0x00000000c5a00000, 0x00000000eab00000)
  object space 92160K, 28% used [0x00000000c0000000,0x00000000c19ffa68,0x00000000c5a00000)
 Metaspace       used 50923K, capacity 52948K, committed 53160K, reserved 1095680K
  class space    used 6821K, capacity 7224K, committed 7344K, reserved 1048576K
}

Deoptimization events (10 events):
Event: 6.812 Thread 0x0000000019bb0000 Uncommon trap: reason=bimorphic action=maybe_recompile pc=0x00000000035e62b8 method=java.util.regex.Pattern$CharProperty.match(Ljava/util/regex/Matcher;ILjava/lang/CharSequence;)Z @ 18
Event: 6.825 Thread 0x0000000019bb0000 Uncommon trap: reason=bimorphic action=maybe_recompile pc=0x00000000035e62b8 method=java.util.regex.Pattern$CharProperty.match(Ljava/util/regex/Matcher;ILjava/lang/CharSequence;)Z @ 18
Event: 6.953 Thread 0x0000000019bb0000 Uncommon trap: reason=unstable_if action=reinterpret pc=0x0000000003405d30 method=org.gradle.internal.reflect.PropertyAccessorType.of(Ljava/lang/reflect/Method;)Lorg/gradle/internal/reflect/PropertyAccessorType; @ 56
Event: 7.349 Thread 0x0000000019bb0000 Uncommon trap: reason=unstable_if action=reinterpret pc=0x0000000003736934 method=com.sun.org.apache.xerces.internal.impl.XMLEntityScanner.checkBeforeLoad(Lcom/sun/xml/internal/stream/Entity$ScannedEntity;II)I @ 18
Event: 7.409 Thread 0x0000000019bb0000 Uncommon trap: reason=unstable_if action=reinterpret pc=0x0000000002ba37f0 method=org.gradle.internal.instantiation.generator.AbstractClassGenerator$InjectionAnnotationValidator.validateMethod(Ljava/lang/reflect/Method;Lorg/gradle/internal/reflect/Propert
Event: 7.409 Thread 0x0000000019bb0000 Uncommon trap: reason=unstable_if action=reinterpret pc=0x0000000002b14944 method=org.gradle.internal.instantiation.generator.AbstractClassGenerator$InjectionAnnotationValidator.validateMethod(Ljava/lang/reflect/Method;Lorg/gradle/internal/reflect/Propert
Event: 7.436 Thread 0x0000000019bb0000 Uncommon trap: reason=unstable_if action=reinterpret pc=0x000000000366f678 method=org.codehaus.groovy.runtime.metaclass.MetaMethodIndex.isNonRealMethod(Lgroovy/lang/MetaMethod;)Z @ 4
Event: 7.437 Thread 0x0000000019bb0000 Uncommon trap: reason=unstable_if action=reinterpret pc=0x00000000034a1a94 method=groovy.lang.MetaClassImpl$1MOPIter.methodNameAction(Ljava/lang/Class;Lorg/codehaus/groovy/runtime/metaclass/MetaMethodIndex$Entry;)V @ 182
Event: 7.456 Thread 0x0000000019bb0000 Uncommon trap: reason=unstable_if action=reinterpret pc=0x000000000315d554 method=java.util.WeakHashMap.put(Ljava/lang/Object;Ljava/lang/Object;)Ljava/lang/Object; @ 59
Event: 7.518 Thread 0x0000000019bb0000 Uncommon trap: reason=null_check action=make_not_entrant pc=0x00000000031abae0 method=java.lang.Class.searchMethods([Ljava/lang/reflect/Method;Ljava/lang/String;[Ljava/lang/Class;)Ljava/lang/reflect/Method; @ 59

Classes redefined (0 events):
No events

Internal exceptions (10 events):
Event: 7.601 Thread 0x0000000019bb0000 Exception <a 'java/lang/ClassNotFoundException': build_c4i7klf6m0png4wkiawz81whq$_run_closure1$_closure4BeanInfo> (0x00000000eac794b0) thrown at [C:\src\AOSP-openjdk-git\hotspot\src\share\vm\classfile\systemDictionary.cpp, line 210]
Event: 7.601 Thread 0x0000000019bb0000 Exception <a 'java/lang/ClassNotFoundException': build_c4i7klf6m0png4wkiawz81whq$_run_closure1$_closure4Customizer> (0x00000000eac8b010) thrown at [C:\src\AOSP-openjdk-git\hotspot\src\share\vm\classfile\systemDictionary.cpp, line 210]
Event: 7.602 Thread 0x0000000019bb0000 Exception <a 'java/lang/ClassNotFoundException': build_c4i7klf6m0png4wkiawz81whq$_run_closure1BeanInfo> (0x00000000eacbc7e0) thrown at [C:\src\AOSP-openjdk-git\hotspot\src\share\vm\classfile\systemDictionary.cpp, line 210]
Event: 7.602 Thread 0x0000000019bb0000 Exception <a 'java/lang/ClassNotFoundException': build_c4i7klf6m0png4wkiawz81whq$_run_closure1Customizer> (0x00000000eaccd898) thrown at [C:\src\AOSP-openjdk-git\hotspot\src\share\vm\classfile\systemDictionary.cpp, line 210]
Event: 7.606 Thread 0x0000000019bb0000 Exception <a 'java/lang/ClassNotFoundException': org/gradle/api/JavaVersionBeanInfo> (0x00000000ead31d28) thrown at [C:\src\AOSP-openjdk-git\hotspot\src\share\vm\classfile\systemDictionary.cpp, line 210]
Event: 7.607 Thread 0x0000000019bb0000 Exception <a 'java/lang/ClassNotFoundException': org/gradle/api/JavaVersionCustomizer> (0x00000000ead8ff78) thrown at [C:\src\AOSP-openjdk-git\hotspot\src\share\vm\classfile\systemDictionary.cpp, line 210]
Event: 7.609 Thread 0x0000000019bb0000 Exception <a 'java/lang/ClassNotFoundException': com/android/build/gradle/internal/CompileOptions_DecoratedBeanInfo> (0x00000000eadf5ba8) thrown at [C:\src\AOSP-openjdk-git\hotspot\src\share\vm\classfile\systemDictionary.cpp, line 210]
Event: 7.610 Thread 0x0000000019bb0000 Exception <a 'java/lang/ClassNotFoundException': com/android/build/gradle/internal/CompileOptionsBeanInfo> (0x00000000eae114a8) thrown at [C:\src\AOSP-openjdk-git\hotspot\src\share\vm\classfile\systemDictionary.cpp, line 210]
Event: 7.610 Thread 0x0000000019bb0000 Exception <a 'java/lang/ClassNotFoundException': com/android/build/gradle/internal/CompileOptionsCustomizer> (0x00000000eae2cfa0) thrown at [C:\src\AOSP-openjdk-git\hotspot\src\share\vm\classfile\systemDictionary.cpp, line 210]
Event: 7.611 Thread 0x0000000019bb0000 Exception <a 'java/lang/ClassNotFoundException': com/android/build/gradle/internal/CompileOptions_DecoratedCustomizer> (0x00000000eae5e3a0) thrown at [C:\src\AOSP-openjdk-git\hotspot\src\share\vm\classfile\systemDictionary.cpp, line 210]

Events (10 events):
Event: 7.610 loading class com/android/build/gradle/internal/CompileOptionsBeanInfo
Event: 7.610 loading class com/android/build/gradle/internal/CompileOptionsBeanInfo done
Event: 7.610 loading class com/android/build/gradle/internal/CompileOptionsCustomizer
Event: 7.610 loading class com/android/build/gradle/internal/CompileOptionsCustomizer done
Event: 7.610 loading class com/android/build/gradle/internal/CompileOptionsCustomizer
Event: 7.610 loading class com/android/build/gradle/internal/CompileOptionsCustomizer done
Event: 7.610 loading class com/android/build/gradle/internal/CompileOptions_DecoratedCustomizer
Event: 7.610 loading class com/android/build/gradle/internal/CompileOptions_DecoratedCustomizer done
Event: 7.611 loading class com/android/build/gradle/internal/CompileOptions_DecoratedCustomizer
Event: 7.611 loading class com/android/build/gradle/internal/CompileOptions_DecoratedCustomizer done


Dynamic libraries:
0x00007ff6eccb0000 - 0x00007ff6ecce1000 	G:\android studio\android-studio\jre\bin\java.exe
0x00007fff65d20000 - 0x00007fff65f10000 	C:\Windows\SYSTEM32\ntdll.dll
0x00007fff63f00000 - 0x00007fff63fb2000 	C:\Windows\System32\KERNEL32.DLL
0x00007fff62e40000 - 0x00007fff630e5000 	C:\Windows\System32\KERNELBASE.dll
0x00007fff64900000 - 0x00007fff649a3000 	C:\Windows\System32\ADVAPI32.dll
0x00007fff646e0000 - 0x00007fff6477e000 	C:\Windows\System32\msvcrt.dll
0x00007fff64230000 - 0x00007fff642c7000 	C:\Windows\System32\sechost.dll
0x00007fff64410000 - 0x00007fff6452f000 	C:\Windows\System32\RPCRT4.dll
0x00007fff64030000 - 0x00007fff641c4000 	C:\Windows\System32\USER32.dll
0x00007fff632b0000 - 0x00007fff632d1000 	C:\Windows\System32\win32u.dll
0x00007fff649c0000 - 0x00007fff649e6000 	C:\Windows\System32\GDI32.dll
0x00007fff62ca0000 - 0x00007fff62e38000 	C:\Windows\System32\gdi32full.dll
0x00007fff631e0000 - 0x00007fff6327e000 	C:\Windows\System32\msvcp_win.dll
0x00007fff63b60000 - 0x00007fff63c5a000 	C:\Windows\System32\ucrtbase.dll
0x00007fff52500000 - 0x00007fff52784000 	C:\Windows\WinSxS\amd64_microsoft.windows.common-controls_6595b64144ccf1df_6.0.18362.1316_none_9e7a364fe461dbd7\COMCTL32.dll
0x00007fff64d60000 - 0x00007fff65097000 	C:\Windows\System32\combase.dll
0x00007fff630f0000 - 0x00007fff63171000 	C:\Windows\System32\bcryptPrimitives.dll
0x00007fff64d30000 - 0x00007fff64d5e000 	C:\Windows\System32\IMM32.DLL
0x0000000051580000 - 0x0000000051652000 	G:\android studio\android-studio\jre\jre\bin\msvcr100.dll
0x0000000051740000 - 0x0000000051f8b000 	G:\android studio\android-studio\jre\jre\bin\server\jvm.dll
0x00007fff64b70000 - 0x00007fff64b78000 	C:\Windows\System32\PSAPI.DLL
0x00007fff5ba90000 - 0x00007fff5ba9a000 	C:\Windows\SYSTEM32\VERSION.dll
0x00007fff60a50000 - 0x00007fff60a74000 	C:\Windows\SYSTEM32\WINMM.dll
0x00007fff49050000 - 0x00007fff49059000 	C:\Windows\SYSTEM32\WSOCK32.dll
0x00007fff65c70000 - 0x00007fff65cdf000 	C:\Windows\System32\WS2_32.dll
0x00007fff608c0000 - 0x00007fff608ed000 	C:\Windows\SYSTEM32\winmmbase.dll
0x00007fff63a60000 - 0x00007fff63aaa000 	C:\Windows\System32\cfgmgr32.dll
0x00007fff5efc0000 - 0x00007fff5efcf000 	G:\android studio\android-studio\jre\jre\bin\verify.dll
0x00007fff5ef50000 - 0x00007fff5ef79000 	G:\android studio\android-studio\jre\jre\bin\java.dll
0x00007fff5deb0000 - 0x00007fff5dec6000 	G:\android studio\android-studio\jre\jre\bin\zip.dll
0x00007fff65580000 - 0x00007fff65c68000 	C:\Windows\System32\SHELL32.dll
0x00007fff63dd0000 - 0x00007fff63e77000 	C:\Windows\System32\shcore.dll
0x00007fff632e0000 - 0x00007fff63a5b000 	C:\Windows\System32\windows.storage.dll
0x00007fff62c30000 - 0x00007fff62c53000 	C:\Windows\System32\profapi.dll
0x00007fff62be0000 - 0x00007fff62c2a000 	C:\Windows\System32\powrprof.dll
0x00007fff62bd0000 - 0x00007fff62be0000 	C:\Windows\System32\UMPDC.dll
0x00007fff641d0000 - 0x00007fff64222000 	C:\Windows\System32\shlwapi.dll
0x00007fff62c60000 - 0x00007fff62c71000 	C:\Windows\System32\kernel.appcore.dll
0x00007fff63c60000 - 0x00007fff63c77000 	C:\Windows\System32\cryptsp.dll
0x00007fff52880000 - 0x00007fff5289a000 	G:\android studio\android-studio\jre\jre\bin\net.dll
0x00007fff62410000 - 0x00007fff62477000 	C:\Windows\system32\mswsock.dll
0x00007fff52860000 - 0x00007fff52873000 	G:\android studio\android-studio\jre\jre\bin\nio.dll
0x00007fff5eef0000 - 0x00007fff5ef17000 	C:\Users\ali12\.gradle\native\f6784746aeab05261644944871eae4fe03e0ef1612fff0a4a95f87b438bc6780\windows-amd64\native-platform.dll
0x00007fff5efb0000 - 0x00007fff5efbd000 	G:\android studio\android-studio\jre\jre\bin\management.dll
0x00007fff61f90000 - 0x00007fff61fc3000 	C:\Windows\system32\rsaenh.dll
0x00007fff63280000 - 0x00007fff632a6000 	C:\Windows\System32\bcrypt.dll
0x00007fff62af0000 - 0x00007fff62b15000 	C:\Windows\SYSTEM32\USERENV.dll
0x00007fff625e0000 - 0x00007fff625ec000 	C:\Windows\SYSTEM32\CRYPTBASE.dll
0x00007fff62120000 - 0x00007fff6215a000 	C:\Windows\SYSTEM32\IPHLPAPI.DLL
0x00007fff64020000 - 0x00007fff64028000 	C:\Windows\System32\NSI.dll
0x00007fff59ec0000 - 0x00007fff59ed6000 	C:\Windows\SYSTEM32\dhcpcsvc6.DLL
0x00007fff5ac50000 - 0x00007fff5ac6c000 	C:\Windows\SYSTEM32\dhcpcsvc.DLL
0x00007fff62160000 - 0x00007fff6222b000 	C:\Windows\SYSTEM32\DNSAPI.dll
0x00007fff5c550000 - 0x00007fff5c55b000 	C:\Windows\SYSTEM32\WINNSI.DLL

VM Arguments:
jvm_args: -Xmx1024m -Dfile.encoding=UTF-8 -Duser.country=US -Duser.language=en -Duser.variant 
java_command: org.gradle.launcher.daemon.bootstrap.GradleDaemon 6.5
java_class_path (initial): C:\Users\ali12\.gradle\wrapper\dists\gradle-6.5-bin\6nifqtx7604sqp1q6g8wikw7p\gradle-6.5\lib\gradle-launcher-6.5.jar
Launcher Type: SUN_STANDARD

Environment Variables:
JAVA_HOME=C:\Program Files\Java\jdk-15.0.1
PATH=C:\Program Files\Common Files\Oracle\Java\javapath;C:\Program Files (x86)\Intel\Intel(R) Management Engine Components\iCLS\;C:\Program Files\Intel\Intel(R) Management Engine Components\iCLS\;C:\Windows\system32;C:\Windows;C:\Windows\System32\Wbem;C:\Windows\System32\WindowsPowerShell\v1.0\;C:\Windows\System32\OpenSSH\;C:\Program Files (x86)\Intel\Intel(R) Management Engine Components\DAL;C:\Program Files\Intel\Intel(R) Management Engine Components\DAL;C:\Program Files (x86)\Intel\Intel(R) Management Engine Components\IPT;C:\Program Files\Intel\Intel(R) Management Engine Components\IPT;C:\Program Files\Java\jdk-15.0.1\bin;C:\Program Files\Git\cmd;C:\Users\ali12\AppData\Local\Microsoft\WindowsApps;C:\Users\ali12\AppData\Local\GitHubDesktop\bin;F:\Android Developer  YAT\flutter\bin;
USERNAME=ali12
OS=Windows_NT
PROCESSOR_IDENTIFIER=Intel64 Family 6 Model 142 Stepping 10, GenuineIntel



---------------  S Y S T E M  ---------------

OS: Windows 10.0 , 64 bit Build 18362 (10.0.18362.1316)

CPU:total 8 (initial active 8) (4 cores per cpu, 2 threads per core) family 6 model 142 stepping 10, cmov, cx8, fxsr, mmx, sse, sse2, sse3, ssse3, sse4.1, sse4.2, popcnt, avx, avx2, aes, clmul, erms, 3dnowpref, lzcnt, ht, tsc, tscinvbit, bmi1, bmi2, adx

Memory: 4k page, physical 8039844k(482028k free), swap 33205668k(3376k free)

vm_info: OpenJDK 64-Bit Server VM (25.242-b01) for windows-amd64 JRE (1.8.0_242-release-1644-b01), built by "builder" with MS VC++ 10.0 (VS2010)

time: Sun Jan 24 00:18:29 2021
timezone: Egypt Standard Time
elapsed time: 7 seconds (0d 0h 0m 7s)

